<?xml version='1.0' encoding='utf-8'?>
<TestRunning><Info><TestEnvironment>test</TestEnvironment><ExecutionDate>2019-03-22 17:24:48</ExecutionDate><TestRunDuration EndTime="2019-03-22 17:25:39" StartTime="2019-03-22 17:24:48">0:00:50 (h:m:s)</TestRunDuration><ExecutionCaseCount AllCase="14"><CountPASS>13</CountPASS><CountFAIL>1</CountFAIL></ExecutionCaseCount><TestRail>https://o2ogt.testrail.io/index.php?/runs/view/61</TestRail></Info><TestResults><TestFeature Folder="Admin_Api"><TestCase File="a_Api_Login.py" Result="PASS" TestCaseID="16" Title="[Portal] API POST login exist account"><ExecutionTime>0:00:02 (h:m:s)</ExecutionTime></TestCase><TestCase File="b_Api_admin_profile.py" Result="PASS" TestCaseID="15" Title="[Portal] API POST user profile"><ExecutionTime>0.61 (sec)</ExecutionTime></TestCase><TestCase File="z_Api_Logout.py" Result="PASS" TestCaseID="17" Title="[Portal] API POST logout current account"><ExecutionTime>0.44 (sec)</ExecutionTime></TestCase></TestFeature><TestFeature Folder="BC_Api"><TestCase File="a_Api_Login.py" Result="PASS" TestCaseID="19" Title="[Portal] API POST login exist account"><ExecutionTime>0:00:01 (h:m:s)</ExecutionTime></TestCase><TestCase File="b_Api_bc_profile.py" Result="FAIL" TestCaseID="18" Title="[Portal] API POST user profile"><ExecutionTime>0:00:01 (h:m:s)</ExecutionTime></TestCase><TestCase File="z_Api_Logout.py" Result="PASS" TestCaseID="20" Title="[Portal] API POST logout current account"><ExecutionTime>0.40 (sec)</ExecutionTime></TestCase></TestFeature><TestFeature Folder="KA_Api"><TestCase File="a_KA_Login.py" Result="PASS" TestCaseID="21" Title="[Portal] API POST KA login"><ExecutionTime>0.47 (sec)</ExecutionTime></TestCase><TestCase File="b_KA_Start.py" Result="PASS" TestCaseID="22" Title="[Game] API POST KA start"><ExecutionTime>0.43 (sec)</ExecutionTime></TestCase><TestCase File="c_KA_Play1.py" Result="PASS" TestCaseID="23" Title="[Game] API POST KA play1"><ExecutionTime>0.43 (sec)</ExecutionTime></TestCase><TestCase File="d_KA_Play2.py" Result="PASS" TestCaseID="24" Title="[Game] API POST KA play2"><ExecutionTime>0.44 (sec)</ExecutionTime></TestCase><TestCase File="e_KA_Credit.py" Result="PASS" TestCaseID="25" Title="[Wallet] API POST KA credit"><ExecutionTime>0.45 (sec)</ExecutionTime></TestCase><TestCase File="f_KA_Balance.py" Result="PASS" TestCaseID="26" Title="[Wallet] API POST KA balance"><ExecutionTime>0.34 (sec)</ExecutionTime></TestCase><TestCase File="g_KA_Revoke.py" Result="PASS" TestCaseID="27" Title="[Terminate] API POST KA revoke"><ExecutionTime>0.49 (sec)</ExecutionTime></TestCase><TestCase File="z_KA_End.py" Result="PASS" TestCaseID="28" Title="[Terminate] API POST KA end"><ExecutionTime>0.37 (sec)</ExecutionTime></TestCase></TestFeature></TestResults></TestRunning>