<?xml version='1.0' encoding='utf-8'?>
<TestRunning><Info><TestEnvironment>test</TestEnvironment><ExecutionDate>2019-03-25 16:41:57</ExecutionDate><TestRunDuration EndTime="2019-03-25 16:43:07" StartTime="2019-03-25 16:41:57">0:01:10 (h:m:s)</TestRunDuration><ExecutionCaseCount AllCase="14"><CountPASS>5</CountPASS><CountFAIL>9</CountFAIL></ExecutionCaseCount><TestRail>https://o2ogt.testrail.io/index.php?/runs/view/64</TestRail></Info><TestResults><TestFeature Folder="Admin_Api"><TestCase File="a_Api_Login.py" Result="FAIL" TestCaseID="16" Title="[Portal] API POST login exist account"><ExecutionTime>0:00:02 (h:m:s)</ExecutionTime></TestCase><TestCase File="b_Api_admin_profile.py" Result="PASS" TestCaseID="15" Title="[Portal] API POST user profile"><ExecutionTime>0.67 (sec)</ExecutionTime></TestCase><TestCase File="z_Api_Logout.py" Result="PASS" TestCaseID="17" Title="[Portal] API POST logout current account"><ExecutionTime>0.48 (sec)</ExecutionTime></TestCase></TestFeature><TestFeature Folder="BC_Api"><TestCase File="a_Api_Login.py" Result="PASS" TestCaseID="19" Title="[Portal] API POST login exist account"><ExecutionTime>0:00:01 (h:m:s)</ExecutionTime></TestCase><TestCase File="b_Api_bc_profile.py" Result="PASS" TestCaseID="18" Title="[Portal] API POST user profile"><ExecutionTime>0.90 (sec)</ExecutionTime></TestCase><TestCase File="z_Api_Logout.py" Result="PASS" TestCaseID="20" Title="[Portal] API POST logout current account"><ExecutionTime>0.49 (sec)</ExecutionTime></TestCase></TestFeature><TestFeature Folder="KA_Api"><TestCase File="a_KA_Login.py" Result="FAIL" TestCaseID="21" Title="[Portal] API POST KA login"><ExecutionTime>0:00:10 (h:m:s)</ExecutionTime></TestCase><TestCase File="b_KA_Start.py" Result="FAIL" TestCaseID="22" Title="[Game] API POST KA start"><ExecutionTime>0:00:01 (h:m:s)</ExecutionTime></TestCase><TestCase File="c_KA_Play1.py" Result="FAIL" TestCaseID="23" Title="[Game] API POST KA play1"><ExecutionTime>0:00:10 (h:m:s)</ExecutionTime></TestCase><TestCase File="d_KA_Play2.py" Result="FAIL" TestCaseID="24" Title="[Game] API POST KA play2"><ExecutionTime>0.44 (sec)</ExecutionTime></TestCase><TestCase File="e_KA_Credit.py" Result="FAIL" TestCaseID="25" Title="[Wallet] API POST KA credit"><ExecutionTime>0.44 (sec)</ExecutionTime></TestCase><TestCase File="f_KA_Balance.py" Result="FAIL" TestCaseID="26" Title="[Wallet] API POST KA balance"><ExecutionTime>0.28 (sec)</ExecutionTime></TestCase><TestCase File="g_KA_Revoke.py" Result="FAIL" TestCaseID="27" Title="[Terminate] API POST KA revoke"><ExecutionTime>0.36 (sec)</ExecutionTime></TestCase><TestCase File="z_KA_End.py" Result="FAIL" TestCaseID="28" Title="[Terminate] API POST KA end"><ExecutionTime>0.22 (sec)</ExecutionTime></TestCase></TestFeature></TestResults></TestRunning>