<?xml version='1.0' encoding='utf-8'?>
<TestRunning><Info><TestEnvironment>TEST</TestEnvironment><ExecutionDate>2019-08-23 15:42:23</ExecutionDate><TestRunDuration EndTime="2019-08-23 15:49:27" StartTime="2019-08-23 15:42:23">0:07:03 (h:m:s)</TestRunDuration><ExecutionCaseCount AllCase="147"><CountPASS>146</CountPASS><CountFAIL>1</CountFAIL></ExecutionCaseCount><TestRail>https://o2ogt.testrail.io/index.php?/runs/view/206</TestRail></Info><GameProvider><SLOT>BB_SLOT, CQ9_SLOT, FP_SLOT, JDB_SLOT, KA_SLOT, MG_SLOT, PT_SLOT, SW_SLOT</SLOT><LIVED>AG_SLOT, BB_LIVED, EVO_LIVED, MG_LIVED</LIVED><FISH>BB_FISH, CQ9_FISH, FP_FISH, JDB_FISH</FISH><POKER>BB_POKER, CQ9_POKER, JDB_POKER, KY_POKER, PT_POKER</POKER><SPORT>BB_SPORT, CR_SPORT, SABA_SPORT</SPORT><LOTTERY>BB_LOTTERY, DL_LOTTERY</LOTTERY></GameProvider><GameProviderStatus><GameOpen>BB_SLOT(127), CQ9_SLOT(3), FP_SLOT(56), JDB_SLOT(82), KA_SLOT(100), MG_SLOT(2), PT_SLOT(3), SW_SLOT(2), BB_LIVED(25), MG_LIVED(1), BB_FISH(3), CQ9_FISH(3), FP_FISH(3), JDB_FISH(4), BB_POKER(5), CQ9_POKER(3), JDB_POKER(13), KY_POKER(3), PT_POKER(3), BB_SPORT(9), CR_SPORT(1), SABA_SPORT(1), BB_LOTTERY(44), DL_LOTTERY(13)</GameOpen><GameClose>AG_SLOT, EVO_LIVED</GameClose></GameProviderStatus><TestResults><TestFeature Folder="Admin_Api_aBoss"><TestCase File="ab_API_admin_login_m.py" Result="PASS" TestCaseID="375" Title="[Portal] API POST login Boss account (mobile)"><ExecutionTime>0.77 (sec)</ExecutionTime></TestCase><TestCase File="a_Api_admin_login.py" Result="PASS" TestCaseID="16" Title="[Portal] API POST login Boss account (web)"><ExecutionTime>0.77 (sec)</ExecutionTime></TestCase><TestCase File="ba_Api_admin_profile.py" Result="PASS" TestCaseID="15" Title="[Portal] API POST user profile"><ExecutionTime>0.21 (sec)</ExecutionTime></TestCase><TestCase File="bb_Api_admin_partner_permission_get.py" Result="PASS" TestCaseID="377" Title="[Feature] API POST partner permission get"><ExecutionTime>0.87 (sec)</ExecutionTime></TestCase><TestCase File="bc_Api_admin_partner_create.py" Result="PASS" TestCaseID="159" Title="[Feature] API POST partner create"><ExecutionTime>0.16 (sec)</ExecutionTime></TestCase><TestCase File="bd_Api_admin_partner_list_frame.py" Result="PASS" TestCaseID="62" Title="[Feature] API POST partner list frame"><ExecutionTime>0.14 (sec)</ExecutionTime></TestCase><TestCase File="be_Api_admin_partner_list_frame_m.py" Result="PASS" TestCaseID="160" Title="[Feature] API POST partner list frame m"><ExecutionTime>0.12 (sec)</ExecutionTime></TestCase><TestCase File="bf_Api_admin_partner_info_get.py" Result="PASS" TestCaseID="380" Title="[Feature] API POST partner info get"><ExecutionTime>0.13 (sec)</ExecutionTime></TestCase><TestCase File="ca_Api_admin_webPlayer_domain_create.py" Result="PASS" TestCaseID="63" Title="[Feature] API POST webPlayer domain create"><ExecutionTime>0.77 (sec)</ExecutionTime></TestCase><TestCase File="cb_Api_admin_webPlayer_domain_list_frame.py" Result="PASS" TestCaseID="64" Title="[Feature] API POST webPlayer domain list frame"><ExecutionTime>0.10 (sec)</ExecutionTime></TestCase><TestCase File="cc_Api_admin_webPlayer_domain_list_frame_m.py" Result="PASS" TestCaseID="68" Title="[Feature] API POST webPlayer domain list frame m"><ExecutionTime>0.10 (sec)</ExecutionTime></TestCase><TestCase File="cd_Api_admin_webPlayer_domain_edit_get.py" Result="PASS" TestCaseID="67" Title="[Feature] API POST web domain edit get"><ExecutionTime>0.94 (sec)</ExecutionTime></TestCase><TestCase File="ce_Api_admin_webPlayer_domain_edit.py" Result="PASS" TestCaseID="66" Title="[Feature] API POST webPlayer domain edit"><ExecutionTime>0.13 (sec)</ExecutionTime></TestCase><TestCase File="da_Api_admin_webPlayer_web_create_get_frame.py" Result="PASS" TestCaseID="71" Title="[Feature] API POST admin webPlayer web create get frame"><ExecutionTime>0.80 (sec)</ExecutionTime></TestCase><TestCase File="db_Api_admin_webPlayer_web_create_get_frame_m.py" Result="PASS" TestCaseID="75" Title="[Feature] API POST admin webPlayer web create get frame m"><ExecutionTime>0.69 (sec)</ExecutionTime></TestCase><TestCase File="dc_Api_admin_webPlayer_web_create.py" Result="PASS" TestCaseID="70" Title="[Feature] API POST admin webPlayer web create"><ExecutionTime>0.11 (sec)</ExecutionTime></TestCase><TestCase File="dd_Api_admin_webPlayer_web_list_frame.py" Result="PASS" TestCaseID="72" Title="[Feature] API POST webPlayer web list frame"><ExecutionTime>0.11 (sec)</ExecutionTime></TestCase><TestCase File="de_Api_admin_webPlayer_web_list_frame_m.py" Result="PASS" TestCaseID="116" Title="[Feature] API POST webPlayer web list frame m"><ExecutionTime>0.97 (sec)</ExecutionTime></TestCase><TestCase File="df_Api_admin_webPlayer_web_edit_get_frame.py" Result="PASS" TestCaseID="73" Title="[Feature] API POST webPlayer web edit get frame"><ExecutionTime>0.10 (sec)</ExecutionTime></TestCase><TestCase File="dg_Api_admin_webPlayer_web_edit_get_frame_m.py" Result="PASS" TestCaseID="76" Title="[Feature] API POST webPlayer web edit get frame m"><ExecutionTime>0.78 (sec)</ExecutionTime></TestCase><TestCase File="dh_Api_admin_webPlayer_web_edit.py" Result="PASS" TestCaseID="74" Title="[Feature] API POST admin webPlayer web edit"><ExecutionTime>0.12 (sec)</ExecutionTime></TestCase><TestCase File="di_Api_admin_webPlayer_web_edit_enable.py" Result="PASS" TestCaseID="170" Title="[Feature] API POST admin webPlayer web edit enable"><ExecutionTime>0.11 (sec)</ExecutionTime></TestCase><TestCase File="ea_Api_admin_partner_type_permission_get.py" Result="PASS" TestCaseID="161" Title="[Feature] API POST partner type permission get"><ExecutionTime>0.65 (sec)</ExecutionTime></TestCase><TestCase File="eb_Api_admin_partner_type_create.py" Result="PASS" TestCaseID="162" Title="[Feature] API POST partner type create"><ExecutionTime>0:00:10 (h:m:s)</ExecutionTime></TestCase><TestCase File="ec_Api_admin_partner_type_list_frame.py" Result="PASS" TestCaseID="163" Title="[Feature] API POST partner type list frame"><ExecutionTime>0.89 (sec)</ExecutionTime></TestCase><TestCase File="ed_Api_admin_partner_type_list_frame_m.py" Result="PASS" TestCaseID="164" Title="[Feature] API POST partner type list frame m"><ExecutionTime>0.82 (sec)</ExecutionTime></TestCase><TestCase File="ee_Api_admin_partner_type_list.py" Result="PASS" TestCaseID="157" Title="[Feature] API POST partner type list"><ExecutionTime>0.81 (sec)</ExecutionTime></TestCase><TestCase File="ef_Api_admin_partner_type_get.py" Result="PASS" TestCaseID="165" Title="[Feature] API POST partner type get"><ExecutionTime>0.75 (sec)</ExecutionTime></TestCase><TestCase File="eg_Api_admin_partner_type_edit.py" Result="PASS" TestCaseID="166" Title="[Feature] API POST partner type edit"><ExecutionTime>0.15 (sec)</ExecutionTime></TestCase><TestCase File="eh_Api_admin_partner_permission_get.py" Result="PASS" TestCaseID="377" Title="[Feature] API POST partner permission get"><ExecutionTime>0.11 (sec)</ExecutionTime></TestCase><TestCase File="ei_Api_admin_partner_type_info.py" Result="PASS" TestCaseID="158" Title="[Feature] API POST partner type info"><ExecutionTime>0.70 (sec)</ExecutionTime></TestCase><TestCase File="ej_Api_admin_partner_create_webmaster.py" Result="PASS" TestCaseID="168" Title="[Feature] API POST partner create webmaster"><ExecutionTime>0.15 (sec)</ExecutionTime></TestCase><TestCase File="ek_Api_admin_partner_list_sub_frame_webmaster.py" Result="PASS" TestCaseID="381" Title="[Feature] API POST partner list sub frame webmaster"><ExecutionTime>0.13 (sec)</ExecutionTime></TestCase><TestCase File="el_Api_admin_partner_list_sub_frame_m_webmaster.py" Result="PASS" TestCaseID="382" Title="[Feature] API POST partner list sub frame m webmaster"><ExecutionTime>0.11 (sec)</ExecutionTime></TestCase><TestCase File="em_Api_admin_partner_info_get.py" Result="PASS" TestCaseID="380" Title="[Feature] API POST partner info get"><ExecutionTime>0.10 (sec)</ExecutionTime></TestCase><TestCase File="en_FET_Api_admin_partner_type_delete.py" Result="PASS" TestCaseID="573" Title="[Feature] API POST partner type delete"><ExecutionTime>0.70 (sec)</ExecutionTime></TestCase><TestCase File="eo_Api_admin_partner_create_agent.py" Result="PASS" TestCaseID="168" Title="[Feature] API POST partner create agent"><ExecutionTime>0.14 (sec)</ExecutionTime></TestCase><TestCase File="ep_Api_admin_partner_list_sub_frame_agent.py" Result="PASS" TestCaseID="381" Title="[Feature] API POST partner list sub frame agent"><ExecutionTime>0.89 (sec)</ExecutionTime></TestCase><TestCase File="eq_Api_admin_partner_list_sub_frame_m_agent.py" Result="PASS" TestCaseID="382" Title="[Feature] API POST partner list sub frame m agent"><ExecutionTime>0.10 (sec)</ExecutionTime></TestCase><TestCase File="er_Api_admin_webPlayer_web_edit_activate.py" Result="PASS" TestCaseID="170" Title="[Feature] API POST admin webPlayer web edit activate"><ExecutionTime>0.11 (sec)</ExecutionTime></TestCase><TestCase File="fa_Api_admin_webPlayer_vip_create_get.py" Result="PASS" TestCaseID="385" Title="[Feature] API POST webPlayer vip create get"><ExecutionTime>0.89 (sec)</ExecutionTime></TestCase><TestCase File="fb_Api_admin_webPlayer_vip_create.py" Result="PASS" TestCaseID="82" Title="[Feature] API POST webPlayer vip create"><ExecutionTime>0.16 (sec)</ExecutionTime></TestCase><TestCase File="fc_Api_admin_webPlayer_vip_list_frame.py" Result="PASS" TestCaseID="83" Title="[Feature] API POST webPlayer vip list frame"><ExecutionTime>0.97 (sec)</ExecutionTime></TestCase><TestCase File="fd_X_Api_admin_webPlayer_vip_list_frame_m.py" Result="FAIL" TestCaseID="84" Title="[Feature] API POST webPlayer vip list frame m"><ExecutionTime>0.62 (sec)</ExecutionTime></TestCase><TestCase File="fe_Api_admin_webPlayer_vip_edit_get.py" Result="PASS" TestCaseID="85" Title="[Feature] API POST webPlayer vip edit get"><ExecutionTime>0.10 (sec)</ExecutionTime></TestCase><TestCase File="ff_Api_admin_webPlayer_vip_edit.py" Result="PASS" TestCaseID="86" Title="[Feature] API POST webPlayer vip edit"><ExecutionTime>0.14 (sec)</ExecutionTime></TestCase><TestCase File="fg_Api_admin_webPlayer_vip_edit_get.py" Result="PASS" TestCaseID="85" Title="[Feature] API POST webPlayer vip edit get"><ExecutionTime>0.94 (sec)</ExecutionTime></TestCase><TestCase File="fh_Api_admin_webPlayer_vip_delete.py" Result="PASS" TestCaseID="385" Title="[Feature] API POST webPlayer vip delete"><ExecutionTime>0.23 (sec)</ExecutionTime></TestCase><TestCase File="fi_Api_admin_webPlayer_vip_sort.py" Result="PASS" TestCaseID="85" Title="[Feature] API POST webPlayer vip sort"><ExecutionTime>0.97 (sec)</ExecutionTime></TestCase><TestCase File="hh_Api_admin_webPlayer_web_provider_list_frame.py" Result="PASS" TestCaseID="631" Title="[Feature] API POST webPlayer web provider list frame"><ExecutionTime>0.17 (sec)</ExecutionTime></TestCase><TestCase File="hi_Api_admin_webPlayer_web_provider_list_frame_m.py" Result="PASS" TestCaseID="632" Title="[Feature] API POST webPlayer web provider list frame m"><ExecutionTime>0.12 (sec)</ExecutionTime></TestCase><TestCase File="hj_Api_admin_webPlayer_web_provider_get.py" Result="PASS" TestCaseID="633" Title="[Feature] API POST webPlayer web provider get"><ExecutionTime>0:00:01 (h:m:s)</ExecutionTime></TestCase><TestCase File="hk_Api_admin_webPlayer_web_provider_edit.py" Result="PASS" TestCaseID="634" Title="[Feature] API POST webPlayer web provider edit"><ExecutionTime>0:00:01 (h:m:s)</ExecutionTime></TestCase><TestCase File="ja_Api_admin_webPlayer_promo_providerContent_list.py" Result="PASS" TestCaseID="108" Title="[Feature] API POST webPlayer promo providerContent list"><ExecutionTime>0.62 (sec)</ExecutionTime></TestCase><TestCase File="jb1_Api_admin_webPlayer_promo_type_create.py" Result="PASS" TestCaseID="113" Title="[Feature] API POST webPlayer promo type create"><ExecutionTime>0.11 (sec)</ExecutionTime></TestCase><TestCase File="jb2_Api_admin_webPlayer_promo_type_create_birth.py" Result="PASS" TestCaseID="113" Title="[Feature] API POST webPlayer promo type create"><ExecutionTime>0.10 (sec)</ExecutionTime></TestCase><TestCase File="jb3_Api_admin_webPlayer_promo_type_create_save.py" Result="PASS" TestCaseID="113" Title="[Feature] API POST webPlayer promo type create"><ExecutionTime>0.11 (sec)</ExecutionTime></TestCase><TestCase File="jb4_Api_admin_webPlayer_promo_type_create_friend.py" Result="PASS" TestCaseID="113" Title="[Feature] API POST webPlayer promo type create"><ExecutionTime>0.14 (sec)</ExecutionTime></TestCase><TestCase File="jb5_Api_admin_webPlayer_promo_type_create_attend.py" Result="PASS" TestCaseID="113" Title="[Feature] API POST webPlayer promo type create"><ExecutionTime>0.11 (sec)</ExecutionTime></TestCase><TestCase File="jc_Api_admin_webPlayer_promo_type_list_frame.py" Result="PASS" TestCaseID="111" Title="[Feature] API POST webPlayer promo type list frame"><ExecutionTime>0.40 (sec)</ExecutionTime></TestCase><TestCase File="jd_Api_admin_webPlayer_promo_type_list_frame_m.py" Result="PASS" TestCaseID="112" Title="[Feature] API POST webPlayer promo type list frame m"><ExecutionTime>0.37 (sec)</ExecutionTime></TestCase><TestCase File="je_Api_admin_webPlayer_promo_create_get.py" Result="PASS" TestCaseID="574" Title="[Feature] API POST webPlayer promo create get"><ExecutionTime>0.66 (sec)</ExecutionTime></TestCase><TestCase File="jf1_Api_admin_webPlayer_promo_create.py" Result="PASS" TestCaseID="105" Title="[Feature] API POST webPlayer promo create"><ExecutionTime>0.93 (sec)</ExecutionTime></TestCase><TestCase File="jg2_Api_admin_webPlayer_promo_create_birth.py" Result="PASS" TestCaseID="105" Title="[Feature] API POST webPlayer promo create"><ExecutionTime>0.11 (sec)</ExecutionTime></TestCase><TestCase File="jg3_Api_admin_webPlayer_promo_create_save.py" Result="PASS" TestCaseID="105" Title="[Feature] API POST webPlayer promo create"><ExecutionTime>0.11 (sec)</ExecutionTime></TestCase><TestCase File="jg4_Api_admin_webPlayer_promo_create_friend.py" Result="PASS" TestCaseID="105" Title="[Feature] API POST webPlayer promo create"><ExecutionTime>0.11 (sec)</ExecutionTime></TestCase><TestCase File="jg5_Api_admin_webPlayer_promo_create_attend.py" Result="PASS" TestCaseID="105" Title="[Feature] API POST webPlayer promo create"><ExecutionTime>0.94 (sec)</ExecutionTime></TestCase><TestCase File="jh_Api_admin_webPlayer_promo_list_frame.py" Result="PASS" TestCaseID="106" Title="[Feature] API POST webPlayer promo list frame"><ExecutionTime>0.44 (sec)</ExecutionTime></TestCase><TestCase File="jh_Api_admin_webPlayer_promo_list_frame_m.py" Result="PASS" TestCaseID="107" Title="[Feature] API POST webPlayer promo list frame m"><ExecutionTime>0.40 (sec)</ExecutionTime></TestCase><TestCase File="ji_Api_admin_webPlayer_promo_type_edit_get.py" Result="PASS" TestCaseID="114" Title="[Feature] API POST webPlayer promo type edit get"><ExecutionTime>0.29 (sec)</ExecutionTime></TestCase><TestCase File="jj_Api_admin_webPlayer_promo_type_edit.py" Result="PASS" TestCaseID="69" Title="[Feature] API POST webPlayer promo type edit"><ExecutionTime>0.49 (sec)</ExecutionTime></TestCase><TestCase File="jk_Api_admin_webPlayer_promo_type_edit_get.py" Result="PASS" TestCaseID="114" Title="[Feature] API POST webPlayer promo type edit get"><ExecutionTime>0.29 (sec)</ExecutionTime></TestCase><TestCase File="jl_Api_admin_webPlayer_promo_state_edit_pending.py" Result="PASS" TestCaseID="110" Title="[Feature] API POST webPlayer promo state edit pending"><ExecutionTime>0.13 (sec)</ExecutionTime></TestCase><TestCase File="jm_Api_admin_webPlayer_promo_edit_get.py" Result="PASS" TestCaseID="109" Title="[Feature] API POST webPlayer promo edit get"><ExecutionTime>0.30 (sec)</ExecutionTime></TestCase><TestCase File="jn_Api_admin_webPlayer_promo_edit.py" Result="PASS" TestCaseID="115" Title="[Feature] API POST webPlayer promo edit"><ExecutionTime>0.10 (sec)</ExecutionTime></TestCase><TestCase File="jo_Api_admin_webPlayer_promo_state_edit_active.py" Result="PASS" TestCaseID="110" Title="[Feature] API POST webPlayer promo state edit active"><ExecutionTime>0.14 (sec)</ExecutionTime></TestCase><TestCase File="jp_Api_admin_webPlayer_promo_state_edit_deactive.py" Result="PASS" TestCaseID="110" Title="[Feature] API POST webPlayer promo state edit pending deactive"><ExecutionTime>0.92 (sec)</ExecutionTime></TestCase><TestCase File="jq_Api_admin_webPlayer_promo_delete.py" Result="PASS" TestCaseID="117" Title="[Feature] API POST webPlayer promo delete"><ExecutionTime>0.33 (sec)</ExecutionTime></TestCase><TestCase File="ka_Api_admin_webPlayer_promo_commission_type_create.py" Result="PASS" TestCaseID="617" Title="[Feature] API POST webPlayer promo commission type create"><ExecutionTime>0.11 (sec)</ExecutionTime></TestCase><TestCase File="kb_Api_admin_webPlayer_promo_commission_type_list_frame.py" Result="PASS" TestCaseID="618" Title="[Feature] API POST webPlayer promo commission type list frame"><ExecutionTime>0.11 (sec)</ExecutionTime></TestCase><TestCase File="kc_Api_admin_webPlayer_promo_commission_type_list_frame_m.py" Result="PASS" TestCaseID="619" Title="[Feature] API POST webPlayer promo commission type list frame m"><ExecutionTime>0.98 (sec)</ExecutionTime></TestCase><TestCase File="kd_Api_admin_webPlayer_promo_commission_create_get.py" Result="PASS" TestCaseID="620" Title="[Feature] API POST webPlayer promo commission create get"><ExecutionTime>0.67 (sec)</ExecutionTime></TestCase><TestCase File="ke_Api_admin_webPlayer_promo_commission_create_type_get.py" Result="PASS" TestCaseID="621" Title="[Feature] API POST webPlayer promo commission create type get"><ExecutionTime>0.37 (sec)</ExecutionTime></TestCase><TestCase File="kf_Api_admin_webPlayer_promo_commission_create.py" Result="PASS" TestCaseID="622" Title="[Feature] API POST webPlayer promo commission create"><ExecutionTime>0.12 (sec)</ExecutionTime></TestCase><TestCase File="kg_Api_admin_webPlayer_promo_commission_list_frame.py" Result="PASS" TestCaseID="623" Title="[Feature] API POST webPlayer promo commission list frame"><ExecutionTime>0.11 (sec)</ExecutionTime></TestCase><TestCase File="kh_Api_admin_webPlayer_promo_commission_list_frame_m.py" Result="PASS" TestCaseID="624" Title="[Feature] API POST webPlayer promo commission list frame m"><ExecutionTime>0.13 (sec)</ExecutionTime></TestCase><TestCase File="ki_Api_admin_webPlayer_promo_commission_type_edit_get.py" Result="PASS" TestCaseID="625" Title="[Feature] API POST webPlayer promo commission type edit get"><ExecutionTime>0.47 (sec)</ExecutionTime></TestCase><TestCase File="kj_Api_admin_webPlayer_promo_commission_type_edit.py" Result="PASS" TestCaseID="626" Title="[Feature] API POST webPlayer promo commission type edit"><ExecutionTime>0.14 (sec)</ExecutionTime></TestCase><TestCase File="kk_Api_admin_webPlayer_promo_commission_edit_get.py" Result="PASS" TestCaseID="627" Title="[Feature] API POST webPlayer promo commission edit get"><ExecutionTime>0.94 (sec)</ExecutionTime></TestCase><TestCase File="kl_Api_admin_webPlayer_promo_commission_edit_type_get.py" Result="PASS" TestCaseID="628" Title="[Feature] API POST webPlayer promo commission edit type get"><ExecutionTime>0.41 (sec)</ExecutionTime></TestCase><TestCase File="km_Api_admin_webPlayer_promo_commission_edit.py" Result="PASS" TestCaseID="629" Title="[Feature] API POST webPlayer promo commission edit"><ExecutionTime>0.19 (sec)</ExecutionTime></TestCase><TestCase File="kn_FET_Api_admin_webPlayer_promo_commission_type_create.py" Result="PASS" TestCaseID="630" Title="[FET] API POST webPlayer promo commission type create"><ExecutionTime>0.10 (sec)</ExecutionTime></TestCase><TestCase File="la_Api_admin_webPlayer_risk_create.py" Result="PASS" TestCaseID="118" Title="[Feature] API POST webPlayer risk create"><ExecutionTime>0.88 (sec)</ExecutionTime></TestCase><TestCase File="lb_Api_admin_webPlayer_risk_list_frame.py" Result="PASS" TestCaseID="119" Title="[Feature] API POST webPlayer risk list frame"><ExecutionTime>0.85 (sec)</ExecutionTime></TestCase><TestCase File="lc_Api_admin_webPlayer_risk_list_frame_m.py" Result="PASS" TestCaseID="120" Title="[Feature] API POST webPlayer risk list frame m"><ExecutionTime>0.10 (sec)</ExecutionTime></TestCase><TestCase File="ld_Api_admin_webPlayer_risk_rule_frame.py" Result="PASS" TestCaseID="121" Title="[Feature] API POST webPlayer risk rule frame"><ExecutionTime>0.96 (sec)</ExecutionTime></TestCase><TestCase File="le_Api_admin_webPlayer_risk_rule_frame_m.py" Result="PASS" TestCaseID="122" Title="[Feature] API POST webPlayer risk rule frame m"><ExecutionTime>0.74 (sec)</ExecutionTime></TestCase><TestCase File="lf_Api_admin_webPlayer_risk_edit.py" Result="PASS" TestCaseID="123" Title="[Feature] API POST webPlayer risk edit"><ExecutionTime>0.87 (sec)</ExecutionTime></TestCase><TestCase File="lg_Api_admin_webPlayer_risk_web_frame.py" Result="PASS" TestCaseID="124" Title="[Feature] API POST webPlayer risk web frame"><ExecutionTime>0.10 (sec)</ExecutionTime></TestCase><TestCase File="lh_Api_admin_webPlayer_risk_web_frame_m.py" Result="PASS" TestCaseID="125" Title="[Feature] API POST webPlayer risk web frame m"><ExecutionTime>0.87 (sec)</ExecutionTime></TestCase><TestCase File="li_Api_admin_webPlayer_risk_edit_get.py" Result="PASS" TestCaseID="126" Title="[Feature] API POST webPlayer risk edit get"><ExecutionTime>0.76 (sec)</ExecutionTime></TestCase><TestCase File="lj_Api_admin_webPlayer_risk_state_edit.py" Result="PASS" TestCaseID="127" Title="[Feature] API POST webPlayer risk state edit delete"><ExecutionTime>0.16 (sec)</ExecutionTime></TestCase><TestCase File="lk_Api_admin_webPlayer_risk_delete.py" Result="PASS" TestCaseID="127" Title="[Feature] API POST webPlayer risk state edit delete"><ExecutionTime>0.75 (sec)</ExecutionTime></TestCase><TestCase File="ma_Api_admin_provider_bankCard_create.py" Result="PASS" TestCaseID="128" Title="[Feature] API POST provider bankCard create"><ExecutionTime>0.20 (sec)</ExecutionTime></TestCase><TestCase File="mb_Api_admin_provider_bankCard_list_frame.py" Result="PASS" TestCaseID="129" Title="[Feature] API POST provider bankCard list frame"><ExecutionTime>0.11 (sec)</ExecutionTime></TestCase><TestCase File="mc_Api_admin_provider_bankCard_list_frame_m.py" Result="PASS" TestCaseID="130" Title="[Feature] API POST provider bankCard list frame m"><ExecutionTime>0.96 (sec)</ExecutionTime></TestCase><TestCase File="md_Api_admin_provider_bankCard_edit_get.py" Result="PASS" TestCaseID="131" Title="[Feature] API POST provider bankCard edit get"><ExecutionTime>0.97 (sec)</ExecutionTime></TestCase><TestCase File="me_Api_admin_provider_bankCard_edit.py" Result="PASS" TestCaseID="132" Title="[Feature] API POST provider bankCard edit"><ExecutionTime>0.20 (sec)</ExecutionTime></TestCase><TestCase File="n0_waiting_backend_set_payment.py" Result="PASS" TestCaseID="133" Title="[Feature] Notify Backend Setting Payment"><ExecutionTime>0.73 (sec)</ExecutionTime></TestCase><TestCase File="na_Api_admin_provider_payment_list_frame.py" Result="PASS" TestCaseID="133" Title="[Feature] API POST provider payment list frame"><ExecutionTime>0.11 (sec)</ExecutionTime></TestCase><TestCase File="nb_Api_admin_provider_payment_list_frame_m.py" Result="PASS" TestCaseID="133" Title="[Feature] API POST provider payment list frame m"><ExecutionTime>0.11 (sec)</ExecutionTime></TestCase><TestCase File="nc_Api_admin_provider_payment_edit_info_get.py" Result="PASS" TestCaseID="135" Title="[Feature] API POST provider payment edit info get"><ExecutionTime>0.10 (sec)</ExecutionTime></TestCase><TestCase File="nd_Api_admin_provider_payment_edit_currency_get.py" Result="PASS" TestCaseID="136" Title="[Feature] API POST provider payment edit currency get"><ExecutionTime>0.78 (sec)</ExecutionTime></TestCase><TestCase File="ne_Api_admin_provider_payment_payType_edit.py" Result="PASS" TestCaseID="136" Title="[Feature] API POST provider payment payType edit"><ExecutionTime>0.96 (sec)</ExecutionTime></TestCase><TestCase File="nf_Api_admin_provider_payment_edit_payType_get.py" Result="PASS" TestCaseID="136" Title="[Feature] API POST provider payment edit PayType get"><ExecutionTime>0.60 (sec)</ExecutionTime></TestCase><TestCase File="ng_Api_admin_provider_payment_edit.py" Result="PASS" TestCaseID="139" Title="[Feature] API POST provider payment edit"><ExecutionTime>0.18 (sec)</ExecutionTime></TestCase><TestCase File="oa_Api_admin_provider_payOption_payment_get.py" Result="PASS" TestCaseID="152" Title="[Feature] API POST provider payOption payment get"><ExecutionTime>0.18 (sec)</ExecutionTime></TestCase><TestCase File="ob_Api_admin_provider_payOption_create_get.py" Result="PASS" TestCaseID="141" Title="[Feature] API POST provider payOption create get"><ExecutionTime>0.64 (sec)</ExecutionTime></TestCase><TestCase File="ra_Api_admin_org_dept_load_create.py" Result="PASS" TestCaseID="180" Title="[Feature] API POST org. dept. load create"><ExecutionTime>0.81 (sec)</ExecutionTime></TestCase><TestCase File="rb_Api_admin_org_dept_create.py" Result="PASS" TestCaseID="183" Title="[Feature] API POST org. dept. create"><ExecutionTime>0.97 (sec)</ExecutionTime></TestCase><TestCase File="rc_Api_admin_org_dept_list_frame.py" Result="PASS" TestCaseID="184" Title="[Feature] API POST org. dept. list frame"><ExecutionTime>0.11 (sec)</ExecutionTime></TestCase><TestCase File="rd_Api_admin_org_dept_list_frame_m.py" Result="PASS" TestCaseID="185" Title="[Feature] API POST org. dept. list frame m"><ExecutionTime>0.14 (sec)</ExecutionTime></TestCase><TestCase File="re_Api_admin_org_dept_load_edit.py" Result="PASS" TestCaseID="186" Title="[Feature] API POST org. dept. load edit"><ExecutionTime>0.85 (sec)</ExecutionTime></TestCase><TestCase File="rf_Api_admin_org_dept_edit.py" Result="PASS" TestCaseID="187" Title="[Feature] API POST org. dept. edit"><ExecutionTime>0.95 (sec)</ExecutionTime></TestCase><TestCase File="rg_Api_admin_org_dept_list.py" Result="PASS" TestCaseID="188" Title="[Feature] API POST org. dept. list"><ExecutionTime>0.61 (sec)</ExecutionTime></TestCase><TestCase File="sa_Api_admin_org_jobtitle_permission.py" Result="PASS" TestCaseID="189" Title="[Feature] API POST org. jobtitle permission"><ExecutionTime>0.79 (sec)</ExecutionTime></TestCase><TestCase File="sb_Api_admin_org_jobtitle_create.py" Result="PASS" TestCaseID="190" Title="[Feature] API POST org. jobtitle create"><ExecutionTime>0.10 (sec)</ExecutionTime></TestCase><TestCase File="sc_Api_admin_org_jobtitle_list_frame.py" Result="PASS" TestCaseID="191" Title="[Feature] API POST org. jobtitle list frame"><ExecutionTime>0.86 (sec)</ExecutionTime></TestCase><TestCase File="sd_Api_admin_org_jobtitle_list_frame_m.py" Result="PASS" TestCaseID="192" Title="[Feature] API POST org. jobtitle list frame m"><ExecutionTime>0.65 (sec)</ExecutionTime></TestCase><TestCase File="se_Api_admin_org_jobtitle_list.py" Result="PASS" TestCaseID="193" Title="[Feature] API POST org. jobtitle list"><ExecutionTime>0.75 (sec)</ExecutionTime></TestCase><TestCase File="sf_Api_admin_org_jobtitle_get.py" Result="PASS" TestCaseID="194" Title="[Feature] API POST org. jobtitle get"><ExecutionTime>0.87 (sec)</ExecutionTime></TestCase><TestCase File="sg_Api_admin_org_jobtitle_edit.py" Result="PASS" TestCaseID="195" Title="[Feature] API POST org. jobtitle edit"><ExecutionTime>0.98 (sec)</ExecutionTime></TestCase><TestCase File="ta_Api_admin_org_employee_create.py" Result="PASS" TestCaseID="196" Title="[Feature] API POST org. employee create"><ExecutionTime>0.15 (sec)</ExecutionTime></TestCase><TestCase File="tb_Api_admin_org_employee_list_frame.py" Result="PASS" TestCaseID="197" Title="[Feature] API POST org. employee list frame"><ExecutionTime>0.11 (sec)</ExecutionTime></TestCase><TestCase File="tc_Api_admin_org_employee_list_frame_m.py" Result="PASS" TestCaseID="198" Title="[Feature] API POST org. employee list frame m"><ExecutionTime>0.94 (sec)</ExecutionTime></TestCase><TestCase File="td_Api_admin_org_employee_list_single.py" Result="PASS" TestCaseID="199" Title="[Feature] API POST org. employee list single"><ExecutionTime>0.80 (sec)</ExecutionTime></TestCase><TestCase File="te_Api_admin_org_employee_list_all_frame.py" Result="PASS" TestCaseID="200" Title="[Feature] API POST org. employee list all frame"><ExecutionTime>0.83 (sec)</ExecutionTime></TestCase><TestCase File="tf_Api_admin_org_employee_list_all_frame_m.py" Result="PASS" TestCaseID="201" Title="[Feature] API POST org. employee list all frame m"><ExecutionTime>0.10 (sec)</ExecutionTime></TestCase><TestCase File="tg_Api_admin_org_employee_list_desc_frame.py" Result="PASS" TestCaseID="202" Title="[Feature] API POST org. employee list desc. frame"><ExecutionTime>0.11 (sec)</ExecutionTime></TestCase><TestCase File="th_Api_admin_org_employee_list_desc_frame_m.py" Result="PASS" TestCaseID="203" Title="[Feature] API POST org. employee list desc. frame m"><ExecutionTime>0.10 (sec)</ExecutionTime></TestCase><TestCase File="ti_Api_admin_org_employee_edit.py" Result="PASS" TestCaseID="204" Title="[Feature] API POST org. employee edit"><ExecutionTime>0.99 (sec)</ExecutionTime></TestCase><TestCase File="tj_Api_admin_org_employee_websitelist.py" Result="PASS" TestCaseID="205" Title="[Feature] API POST org. employee websitelist"><ExecutionTime>0.56 (sec)</ExecutionTime></TestCase><TestCase File="ua_Api_admin_provider_content_comm_list.py" Result="PASS" TestCaseID="173" Title="[Feature] API POST provider content comm list"><ExecutionTime>0.58 (sec)</ExecutionTime></TestCase><TestCase File="ub_Api_admin_provider_content_comm_game_list.py" Result="PASS" TestCaseID="173" Title="[Feature] API POST provider content comm game list"><ExecutionTime>0:00:01 (h:m:s)</ExecutionTime></TestCase><TestCase File="uc_Api_admin_provider_content_sort_edit_games.py" Result="PASS" TestCaseID="173" Title="[Feature] API POST provider content sort edit games"><ExecutionTime>0:00:01 (h:m:s)</ExecutionTime></TestCase><TestCase File="ue_Api_admin_provider_content_sort_edit_providers.py" Result="PASS" TestCaseID="173" Title="[Feature] API POST provider content sort edit providers"><ExecutionTime>0.48 (sec)</ExecutionTime></TestCase><TestCase File="z_Api_Logout.py" Result="PASS" TestCaseID="17" Title="[Portal] API POST logout current account"><ExecutionTime>0.56 (sec)</ExecutionTime></TestCase></TestFeature></TestResults></TestRunning>