<?xml version='1.0' encoding='utf-8'?>
<TestRunning><Info><TestEnvironment>TEST</TestEnvironment><ExecutionDate>2019-07-12 18:01:04</ExecutionDate><TestRunDuration EndTime="2019-07-12 18:01:10" StartTime="2019-07-12 18:01:04">0:00:06 (h:m:s)</TestRunDuration><ExecutionCaseCount AllCase="1"><CountPASS>1</CountPASS><CountFAIL>0</CountFAIL></ExecutionCaseCount><TestRail>https://o2ogt.testrail.io/index.php?/runs/view/188</TestRail></Info><GameProvider><SLOT>KA, BB_SLOT, FP, JDB_SLOT, MG, PT</SLOT><LIVED>AG, BB_LIVED, EVO</LIVED><FISH>BB_FISH, JDB_FISH</FISH><POKER>BB_POKER, JDB_POKER, KG</POKER><SPORT>BB_SPORT</SPORT><LOTTERY>BB_LOTTERY, DL</LOTTERY><ESPORT /></GameProvider><GameProviderStatus><GameOpen>KA, BB_SLOT, FP, JDB_SLOT, BB_LIVED, BB_FISH, JDB_FISH, BB_POKER, JDB_POKER, BB_SPORT, BB_LOTTERY, DL</GameOpen><GameClose>MG, PT, AG, EVO, KG</GameClose></GameProviderStatus><TestResults><TestFeature Folder="test_xml"><TestCase File="a_Api_admin_login.py" Result="PASS" TestCaseID="16" Title="[Portal] API POST login Boss account (web)"><ExecutionTime>0:00:01 (h:m:s)</ExecutionTime></TestCase></TestFeature></TestResults></TestRunning>