<?xml version='1.0' encoding='utf-8'?>
<TestRunning><Info><TestEnvironment>TEST</TestEnvironment><ExecutionDate>2019-07-22 15:51:40</ExecutionDate><TestRunDuration EndTime="2019-07-22 15:59:22" StartTime="2019-07-22 15:51:40">0:07:41 (h:m:s)</TestRunDuration><ExecutionCaseCount AllCase="164"><CountPASS>152</CountPASS><CountFAIL>12</CountFAIL></ExecutionCaseCount><TestRail>https://o2ogt.testrail.io/index.php?/runs/view/197</TestRail></Info><GameProvider><SLOT>BB_SLOT, FP, JDB_SLOT, KA</SLOT><LIVED>BB_LIVED, EVO視訊</LIVED><FISH>BB_FISH, JDB_FISH</FISH><POKER>BB_POKER, JDB_POKER</POKER><SPORT>BB_SPORT</SPORT><LOTTERY>BB_LOTTERY, DL</LOTTERY></GameProvider><GameProviderStatus><GameOpen>KA(100), BB_SLOT(127), FP(56), JDB_SLOT(3), BB_LIVED(25), BB_FISH(3), JDB_FISH(4), BB_POKER(3), JDB_POKER(13), BB_SPORT(9), BB_LOTTERY(44), DL(13)</GameOpen><GameClose>MG, PT, AG, EVO, KG</GameClose></GameProviderStatus><TestResults><TestFeature Folder="Admin_Api_aBoss"><TestCase File="ab_API_admin_login_m.py" Result="PASS" TestCaseID="375" Title="[Portal] API POST login Boss account (mobile)"><ExecutionTime>0.73 (sec)</ExecutionTime></TestCase><TestCase File="a_Api_admin_login.py" Result="PASS" TestCaseID="16" Title="[Portal] API POST login Boss account (web)"><ExecutionTime>0.65 (sec)</ExecutionTime></TestCase><TestCase File="ba_Api_admin_profile.py" Result="PASS" TestCaseID="15" Title="[Portal] API POST user profile"><ExecutionTime>0.46 (sec)</ExecutionTime></TestCase><TestCase File="bb_Api_admin_partner_permission_get.py" Result="PASS" TestCaseID="377" Title="[Feature] API POST partner permission get"><ExecutionTime>0.64 (sec)</ExecutionTime></TestCase><TestCase File="bc_Api_admin_partner_create.py" Result="PASS" TestCaseID="159" Title="[Feature] API POST partner create"><ExecutionTime>0.10 (sec)</ExecutionTime></TestCase><TestCase File="bd_Api_admin_partner_list_frame.py" Result="PASS" TestCaseID="62" Title="[Feature] API POST partner list frame"><ExecutionTime>0.80 (sec)</ExecutionTime></TestCase><TestCase File="be_Api_admin_partner_list_frame_m.py" Result="PASS" TestCaseID="160" Title="[Feature] API POST partner list frame m"><ExecutionTime>0.77 (sec)</ExecutionTime></TestCase><TestCase File="bf_Api_admin_partner_info_get.py" Result="PASS" TestCaseID="380" Title="[Feature] API POST partner info get"><ExecutionTime>0.63 (sec)</ExecutionTime></TestCase><TestCase File="ca_Api_admin_webPlayer_domain_create.py" Result="PASS" TestCaseID="63" Title="[Feature] API POST webPlayer domain create"><ExecutionTime>0.49 (sec)</ExecutionTime></TestCase><TestCase File="cb_Api_admin_webPlayer_domain_list_frame.py" Result="PASS" TestCaseID="64" Title="[Feature] API POST webPlayer domain list frame"><ExecutionTime>0.58 (sec)</ExecutionTime></TestCase><TestCase File="cc_Api_admin_webPlayer_domain_list_frame_m.py" Result="PASS" TestCaseID="68" Title="[Feature] API POST webPlayer domain list frame m"><ExecutionTime>0.71 (sec)</ExecutionTime></TestCase><TestCase File="cd_Api_admin_webPlayer_domain_edit_get.py" Result="PASS" TestCaseID="67" Title="[Feature] API POST web domain edit get"><ExecutionTime>0.51 (sec)</ExecutionTime></TestCase><TestCase File="ce_Api_admin_webPlayer_domain_edit.py" Result="PASS" TestCaseID="66" Title="[Feature] API POST webPlayer domain edit"><ExecutionTime>0.12 (sec)</ExecutionTime></TestCase><TestCase File="da_Api_admin_webPlayer_web_create_get_frame.py" Result="PASS" TestCaseID="71" Title="[Feature] API POST admin webPlayer web create get frame"><ExecutionTime>0.59 (sec)</ExecutionTime></TestCase><TestCase File="db_Api_admin_webPlayer_web_create_get_frame_m.py" Result="PASS" TestCaseID="75" Title="[Feature] API POST admin webPlayer web create get frame m"><ExecutionTime>0.54 (sec)</ExecutionTime></TestCase><TestCase File="dc_Api_admin_webPlayer_web_create.py" Result="PASS" TestCaseID="70" Title="[Feature] API POST admin webPlayer web create"><ExecutionTime>0.73 (sec)</ExecutionTime></TestCase><TestCase File="dd_Api_admin_webPlayer_web_list_frame.py" Result="PASS" TestCaseID="72" Title="[Feature] API POST webPlayer web list frame"><ExecutionTime>0.67 (sec)</ExecutionTime></TestCase><TestCase File="de_Api_admin_webPlayer_web_list_frame_m.py" Result="PASS" TestCaseID="116" Title="[Feature] API POST webPlayer web list frame m"><ExecutionTime>0.61 (sec)</ExecutionTime></TestCase><TestCase File="df_Api_admin_webPlayer_web_edit_get_frame.py" Result="PASS" TestCaseID="73" Title="[Feature] API POST webPlayer web edit get frame"><ExecutionTime>0.84 (sec)</ExecutionTime></TestCase><TestCase File="dg_Api_admin_webPlayer_web_edit_get_frame_m.py" Result="PASS" TestCaseID="76" Title="[Feature] API POST webPlayer web edit get frame m"><ExecutionTime>0.74 (sec)</ExecutionTime></TestCase><TestCase File="dh_Api_admin_webPlayer_web_edit.py" Result="PASS" TestCaseID="74" Title="[Feature] API POST admin webPlayer web edit"><ExecutionTime>0.95 (sec)</ExecutionTime></TestCase><TestCase File="di_Api_admin_webPlayer_web_edit_enable.py" Result="PASS" TestCaseID="170" Title="[Feature] API POST admin webPlayer web edit enable"><ExecutionTime>0.67 (sec)</ExecutionTime></TestCase><TestCase File="ea_Api_admin_partner_type_permission_get.py" Result="PASS" TestCaseID="161" Title="[Feature] API POST partner type permission get"><ExecutionTime>0.54 (sec)</ExecutionTime></TestCase><TestCase File="eb_Api_admin_partner_type_create.py" Result="PASS" TestCaseID="162" Title="[Feature] API POST partner type create"><ExecutionTime>0:00:10 (h:m:s)</ExecutionTime></TestCase><TestCase File="ec_Api_admin_partner_type_list_frame.py" Result="PASS" TestCaseID="163" Title="[Feature] API POST partner type list frame"><ExecutionTime>0.53 (sec)</ExecutionTime></TestCase><TestCase File="ed_Api_admin_partner_type_list_frame_m.py" Result="PASS" TestCaseID="164" Title="[Feature] API POST partner type list frame m"><ExecutionTime>0.48 (sec)</ExecutionTime></TestCase><TestCase File="ee_Api_admin_partner_type_list.py" Result="PASS" TestCaseID="157" Title="[Feature] API POST partner type list"><ExecutionTime>0.40 (sec)</ExecutionTime></TestCase><TestCase File="ef_Api_admin_partner_type_get.py" Result="PASS" TestCaseID="165" Title="[Feature] API POST partner type get"><ExecutionTime>0.48 (sec)</ExecutionTime></TestCase><TestCase File="eg_Api_admin_partner_type_edit.py" Result="PASS" TestCaseID="166" Title="[Feature] API POST partner type edit"><ExecutionTime>0.97 (sec)</ExecutionTime></TestCase><TestCase File="eh_Api_admin_partner_permission_get.py" Result="PASS" TestCaseID="377" Title="[Feature] API POST partner permission get"><ExecutionTime>0.66 (sec)</ExecutionTime></TestCase><TestCase File="ei_Api_admin_partner_type_info.py" Result="PASS" TestCaseID="158" Title="[Feature] API POST partner type info"><ExecutionTime>0.46 (sec)</ExecutionTime></TestCase><TestCase File="ej_Api_admin_partner_create_webmaster.py" Result="PASS" TestCaseID="168" Title="[Feature] API POST partner create webmaster"><ExecutionTime>0.86 (sec)</ExecutionTime></TestCase><TestCase File="ek_Api_admin_partner_list_sub_frame_webmaster.py" Result="PASS" TestCaseID="381" Title="[Feature] API POST partner list sub frame webmaster"><ExecutionTime>0.62 (sec)</ExecutionTime></TestCase><TestCase File="el_Api_admin_partner_list_sub_frame_m_webmaster.py" Result="PASS" TestCaseID="382" Title="[Feature] API POST partner list sub frame m webmaster"><ExecutionTime>0.65 (sec)</ExecutionTime></TestCase><TestCase File="em_Api_admin_partner_info_get.py" Result="PASS" TestCaseID="380" Title="[Feature] API POST partner info get"><ExecutionTime>0.60 (sec)</ExecutionTime></TestCase><TestCase File="en_FET_Api_admin_partner_type_delete.py" Result="PASS" TestCaseID="573" Title="[Feature] API POST partner type delete"><ExecutionTime>0.42 (sec)</ExecutionTime></TestCase><TestCase File="eo_Api_admin_partner_create_agent.py" Result="PASS" TestCaseID="168" Title="[Feature] API POST partner create agent"><ExecutionTime>0.16 (sec)</ExecutionTime></TestCase><TestCase File="ep_Api_admin_partner_list_sub_frame_agent.py" Result="PASS" TestCaseID="381" Title="[Feature] API POST partner list sub frame agent"><ExecutionTime>0.63 (sec)</ExecutionTime></TestCase><TestCase File="eq_Api_admin_partner_list_sub_frame_m_agent.py" Result="PASS" TestCaseID="382" Title="[Feature] API POST partner list sub frame m agent"><ExecutionTime>0.50 (sec)</ExecutionTime></TestCase><TestCase File="fa_Api_admin_webPlayer_web_edit_activate.py" Result="PASS" TestCaseID="170" Title="[Feature] API POST admin webPlayer web edit activate"><ExecutionTime>0.79 (sec)</ExecutionTime></TestCase><TestCase File="fb_Api_admin_webPlayer_vip_create.py" Result="PASS" TestCaseID="82" Title="[Feature] API POST webPlayer vip create"><ExecutionTime>0.60 (sec)</ExecutionTime></TestCase><TestCase File="fc_Api_admin_webPlayer_vip_list_frame.py" Result="PASS" TestCaseID="83" Title="[Feature] API POST webPlayer vip list frame"><ExecutionTime>0.60 (sec)</ExecutionTime></TestCase><TestCase File="fd_Api_admin_webPlayer_vip_list_frame_m.py" Result="PASS" TestCaseID="84" Title="[Feature] API POST webPlayer vip list frame m"><ExecutionTime>0.53 (sec)</ExecutionTime></TestCase><TestCase File="fe_Api_admin_webPlayer_vip_edit_get.py" Result="PASS" TestCaseID="85" Title="[Feature] API POST webPlayer vip edit get"><ExecutionTime>0.52 (sec)</ExecutionTime></TestCase><TestCase File="ff_Api_admin_webPlayer_vip_edit.py" Result="PASS" TestCaseID="86" Title="[Feature] API POST webPlayer vip edit"><ExecutionTime>0.75 (sec)</ExecutionTime></TestCase><TestCase File="fg_Api_admin_webPlayer_vip_delete.py" Result="PASS" TestCaseID="385" Title="[Feature] API POST webPlayer vip delete"><ExecutionTime>0.14 (sec)</ExecutionTime></TestCase><TestCase File="ga_Api_admin_webPlayer_vip_group_create_get_frame.py" Result="PASS" TestCaseID="88" Title="[Feature] API POST webPlayer vip group create get frame"><ExecutionTime>0.46 (sec)</ExecutionTime></TestCase><TestCase File="gb_Api_admin_webPlayer_vip_group_create_get_frame_m.py" Result="PASS" TestCaseID="89" Title="[Feature] API POST webPlayer vip group create get frame m"><ExecutionTime>0.45 (sec)</ExecutionTime></TestCase><TestCase File="gc_Api_admin_webPlayer_vip_group_create.py" Result="PASS" TestCaseID="92" Title="[Feature] API POST webPlayer vip group create"><ExecutionTime>0.92 (sec)</ExecutionTime></TestCase><TestCase File="gd_Api_admin_webPlayer_vip_group_list_frame.py" Result="PASS" TestCaseID="90" Title="[Feature] API POST webPlayer vip group list frame"><ExecutionTime>0.76 (sec)</ExecutionTime></TestCase><TestCase File="ge_Api_admin_webPlayer_vip_group_list_frame_m.py" Result="PASS" TestCaseID="91" Title="[Feature] API POST webPlayer vip group list frame m"><ExecutionTime>0.64 (sec)</ExecutionTime></TestCase><TestCase File="gf_Api_admin_webPlayer_vip_group_edit_get_frame.py" Result="PASS" TestCaseID="93" Title="[Feature] API POST webPlayer vip group edit get frame"><ExecutionTime>0.68 (sec)</ExecutionTime></TestCase><TestCase File="gg_Api_admin_webPlayer_vip_group_edit_get_frame_m.py" Result="PASS" TestCaseID="94" Title="[Feature] API POST webPlayer vip group edit get frame m"><ExecutionTime>0.52 (sec)</ExecutionTime></TestCase><TestCase File="gh_Api_admin_webPlayer_vip_group_edit.py" Result="PASS" TestCaseID="95" Title="[Feature] API POST webPlayer vip group edit"><ExecutionTime>0.94 (sec)</ExecutionTime></TestCase><TestCase File="ha_Api_admin_webPlayer_web_vip_domain_edit.py" Result="PASS" TestCaseID="169" Title="[Feature] API POST webPlayer web vip domain edit"><ExecutionTime>0.58 (sec)</ExecutionTime></TestCase><TestCase File="hb_Api_admin_webPlayer_web_vip_domain_list.py" Result="PASS" TestCaseID="96" Title="[Feature] API POST webPlayer web vip domain list"><ExecutionTime>0.60 (sec)</ExecutionTime></TestCase><TestCase File="hc_Api_admin_webPlayer_web_vip_group_edit_frame.py" Result="PASS" TestCaseID="99" Title="[Feature] API POST webPlayer web vip group edit frame"><ExecutionTime>0.15 (sec)</ExecutionTime></TestCase><TestCase File="hd_Api_admin_webPlayer_web_vip_group_edit_frame_m.py" Result="PASS" TestCaseID="100" Title="[Feature] API POST webPlayer web vip group edit frame m"><ExecutionTime>0.12 (sec)</ExecutionTime></TestCase><TestCase File="he_Api_admin_webPlayer_web_vip_list_frame.py" Result="PASS" TestCaseID="97" Title="[Feature] API POST webPlayer web vip list frame"><ExecutionTime>0.78 (sec)</ExecutionTime></TestCase><TestCase File="hf_Api_admin_webPlayer_web_vip_list_frame_m.py" Result="PASS" TestCaseID="98" Title="[Feature] API POST webPlayer web vip list frame m"><ExecutionTime>0.48 (sec)</ExecutionTime></TestCase><TestCase File="hg_Api_admin_webPlayer_web_vip_domain_get.py" Result="PASS" TestCaseID="101" Title="[Feature] API POST webPlayer web vip domain get"><ExecutionTime>0.75 (sec)</ExecutionTime></TestCase><TestCase File="hh_Api_admin_webPlayer_web_provider_list_frame.py" Result="PASS" TestCaseID="631" Title="[Feature] API POST webPlayer web provider list frame"><ExecutionTime>0.72 (sec)</ExecutionTime></TestCase><TestCase File="hi_Api_admin_webPlayer_web_provider_list_frame_m.py" Result="PASS" TestCaseID="632" Title="[Feature] API POST webPlayer web provider list frame m"><ExecutionTime>0.82 (sec)</ExecutionTime></TestCase><TestCase File="hj_Api_admin_webPlayer_web_provider_get.py" Result="PASS" TestCaseID="633" Title="[Feature] API POST webPlayer web provider get"><ExecutionTime>0.39 (sec)</ExecutionTime></TestCase><TestCase File="hk_Api_admin_webPlayer_web_provider_edit.py" Result="PASS" TestCaseID="634" Title="[Feature] API POST webPlayer web provider edit"><ExecutionTime>0.53 (sec)</ExecutionTime></TestCase><TestCase File="ja_Api_admin_webPlayer_promo_providerContent_list.py" Result="PASS" TestCaseID="108" Title="[Feature] API POST webPlayer promo providerContent list"><ExecutionTime>0.39 (sec)</ExecutionTime></TestCase><TestCase File="jb_Api_admin_webPlayer_promo_type_create.py" Result="PASS" TestCaseID="113" Title="[Feature] API POST webPlayer promo type create"><ExecutionTime>0.78 (sec)</ExecutionTime></TestCase><TestCase File="jc_Api_admin_webPlayer_promo_type_list_frame.py" Result="PASS" TestCaseID="111" Title="[Feature] API POST webPlayer promo type list frame"><ExecutionTime>0.83 (sec)</ExecutionTime></TestCase><TestCase File="jd_Api_admin_webPlayer_promo_type_list_frame_m.py" Result="PASS" TestCaseID="112" Title="[Feature] API POST webPlayer promo type list frame m"><ExecutionTime>0.71 (sec)</ExecutionTime></TestCase><TestCase File="je_Api_admin_webPlayer_promo_create_get.py" Result="PASS" TestCaseID="574" Title="[Feature] API POST webPlayer promo create get"><ExecutionTime>0.49 (sec)</ExecutionTime></TestCase><TestCase File="jf_Api_admin_webPlayer_promo_create.py" Result="PASS" TestCaseID="105" Title="[Feature] API POST webPlayer promo create"><ExecutionTime>0.51 (sec)</ExecutionTime></TestCase><TestCase File="jg_Api_admin_webPlayer_promo_list_frame.py" Result="PASS" TestCaseID="106" Title="[Feature] API POST webPlayer promo list frame"><ExecutionTime>0.78 (sec)</ExecutionTime></TestCase><TestCase File="jh_Api_admin_webPlayer_promo_list_frame_m.py" Result="PASS" TestCaseID="107" Title="[Feature] API POST webPlayer promo list frame m"><ExecutionTime>0.71 (sec)</ExecutionTime></TestCase><TestCase File="ji_Api_admin_webPlayer_promo_type_edit_get.py" Result="PASS" TestCaseID="114" Title="[Feature] API POST webPlayer promo type edit get"><ExecutionTime>0.43 (sec)</ExecutionTime></TestCase><TestCase File="jj_Api_admin_webPlayer_promo_type_edit.py" Result="PASS" TestCaseID="69" Title="[Feature] API POST webPlayer promo type edit"><ExecutionTime>0.63 (sec)</ExecutionTime></TestCase><TestCase File="jk_Api_admin_webPlayer_promo_state_edit.py" Result="PASS" TestCaseID="110" Title="[Feature] API POST webPlayer promo state edit"><ExecutionTime>0.12 (sec)</ExecutionTime></TestCase><TestCase File="jl_Api_admin_webPlayer_promo_edit_get.py" Result="PASS" TestCaseID="109" Title="[Feature] API POST webPlayer promo edit get"><ExecutionTime>0.44 (sec)</ExecutionTime></TestCase><TestCase File="jm_Api_admin_webPlayer_promo_edit.py" Result="PASS" TestCaseID="115" Title="[Feature] API POST webPlayer promo edit"><ExecutionTime>0.62 (sec)</ExecutionTime></TestCase><TestCase File="jn_Api_admin_webPlayer_promo_delete.py" Result="PASS" TestCaseID="117" Title="[Feature] API POST webPlayer promo delete"><ExecutionTime>0.54 (sec)</ExecutionTime></TestCase><TestCase File="ka_Api_admin_webPlayer_promo_commission_type_create.py" Result="PASS" TestCaseID="617" Title="[Feature] API POST webPlayer promo commission type create"><ExecutionTime>0.84 (sec)</ExecutionTime></TestCase><TestCase File="kb_Api_admin_webPlayer_promo_commission_type_list_frame.py" Result="PASS" TestCaseID="618" Title="[Feature] API POST webPlayer promo commission type list frame"><ExecutionTime>0.56 (sec)</ExecutionTime></TestCase><TestCase File="kc_Api_admin_webPlayer_promo_commission_type_list_frame_m.py" Result="PASS" TestCaseID="619" Title="[Feature] API POST webPlayer promo commission type list frame m"><ExecutionTime>0.59 (sec)</ExecutionTime></TestCase><TestCase File="kd_Api_admin_webPlayer_promo_commission_create_get.py" Result="PASS" TestCaseID="620" Title="[Feature] API POST webPlayer promo commission create get"><ExecutionTime>0.62 (sec)</ExecutionTime></TestCase><TestCase File="ke_Api_admin_webPlayer_promo_commission_create_type_get.py" Result="PASS" TestCaseID="621" Title="[Feature] API POST webPlayer promo commission create type get"><ExecutionTime>0.23 (sec)</ExecutionTime></TestCase><TestCase File="kf_Api_admin_webPlayer_promo_commission_create.py" Result="PASS" TestCaseID="622" Title="[Feature] API POST webPlayer promo commission create"><ExecutionTime>0.94 (sec)</ExecutionTime></TestCase><TestCase File="kg_Api_admin_webPlayer_promo_commission_list_frame.py" Result="PASS" TestCaseID="623" Title="[Feature] API POST webPlayer promo commission list frame"><ExecutionTime>0.83 (sec)</ExecutionTime></TestCase><TestCase File="kh_Api_admin_webPlayer_promo_commission_list_frame_m.py" Result="PASS" TestCaseID="624" Title="[Feature] API POST webPlayer promo commission list frame m"><ExecutionTime>0.85 (sec)</ExecutionTime></TestCase><TestCase File="ki_Api_admin_webPlayer_promo_commission_type_edit_get.py" Result="PASS" TestCaseID="625" Title="[Feature] API POST webPlayer promo commission type edit get"><ExecutionTime>0.43 (sec)</ExecutionTime></TestCase><TestCase File="kj_Api_admin_webPlayer_promo_commission_type_edit.py" Result="PASS" TestCaseID="626" Title="[Feature] API POST webPlayer promo commission type edit"><ExecutionTime>0.10 (sec)</ExecutionTime></TestCase><TestCase File="kk_Api_admin_webPlayer_promo_commission_edit_get.py" Result="PASS" TestCaseID="627" Title="[Feature] API POST webPlayer promo commission edit get"><ExecutionTime>0.53 (sec)</ExecutionTime></TestCase><TestCase File="kl_Api_admin_webPlayer_promo_commission_edit_type_get.py" Result="PASS" TestCaseID="628" Title="[Feature] API POST webPlayer promo commission edit type get"><ExecutionTime>0.28 (sec)</ExecutionTime></TestCase><TestCase File="km_Api_admin_webPlayer_promo_commission_edit.py" Result="PASS" TestCaseID="629" Title="[Feature] API POST webPlayer promo commission edit"><ExecutionTime>0.13 (sec)</ExecutionTime></TestCase><TestCase File="kn_FET_Api_admin_webPlayer_promo_commission_type_create.py" Result="PASS" TestCaseID="630" Title="[FET] API POST webPlayer promo commission type create"><ExecutionTime>0.70 (sec)</ExecutionTime></TestCase><TestCase File="la_Api_admin_webPlayer_risk_create.py" Result="PASS" TestCaseID="118" Title="[Feature] API POST webPlayer risk create"><ExecutionTime>0.60 (sec)</ExecutionTime></TestCase><TestCase File="lb_Api_admin_webPlayer_risk_list_frame.py" Result="PASS" TestCaseID="119" Title="[Feature] API POST webPlayer risk list frame"><ExecutionTime>0.72 (sec)</ExecutionTime></TestCase><TestCase File="lc_Api_admin_webPlayer_risk_list_frame_m.py" Result="PASS" TestCaseID="120" Title="[Feature] API POST webPlayer risk list frame m"><ExecutionTime>0.63 (sec)</ExecutionTime></TestCase><TestCase File="ld_Api_admin_webPlayer_risk_rule_frame.py" Result="PASS" TestCaseID="121" Title="[Feature] API POST webPlayer risk rule frame"><ExecutionTime>0.57 (sec)</ExecutionTime></TestCase><TestCase File="le_Api_admin_webPlayer_risk_rule_frame_m.py" Result="PASS" TestCaseID="122" Title="[Feature] API POST webPlayer risk rule frame m"><ExecutionTime>0.58 (sec)</ExecutionTime></TestCase><TestCase File="lf_Api_admin_webPlayer_risk_edit.py" Result="PASS" TestCaseID="123" Title="[Feature] API POST webPlayer risk edit"><ExecutionTime>0.44 (sec)</ExecutionTime></TestCase><TestCase File="lg_Api_admin_webPlayer_risk_web_frame.py" Result="PASS" TestCaseID="124" Title="[Feature] API POST webPlayer risk web frame"><ExecutionTime>0.60 (sec)</ExecutionTime></TestCase><TestCase File="lh_Api_admin_webPlayer_risk_web_frame_m.py" Result="PASS" TestCaseID="125" Title="[Feature] API POST webPlayer risk web frame m"><ExecutionTime>0.59 (sec)</ExecutionTime></TestCase><TestCase File="li_Api_admin_webPlayer_risk_edit_get.py" Result="PASS" TestCaseID="126" Title="[Feature] API POST webPlayer risk edit get"><ExecutionTime>0.43 (sec)</ExecutionTime></TestCase><TestCase File="lj_Api_admin_webPlayer_risk_state_edit.py" Result="PASS" TestCaseID="127" Title="[Feature] API POST webPlayer risk state edit delete"><ExecutionTime>0.14 (sec)</ExecutionTime></TestCase><TestCase File="lk_Api_admin_webPlayer_risk_delete.py" Result="PASS" TestCaseID="127" Title="[Feature] API POST webPlayer risk state edit delete"><ExecutionTime>0.39 (sec)</ExecutionTime></TestCase><TestCase File="ma_Api_admin_provider_bankCard_create.py" Result="PASS" TestCaseID="128" Title="[Feature] API POST provider bankCard create"><ExecutionTime>0.14 (sec)</ExecutionTime></TestCase><TestCase File="mb_Api_admin_provider_bankCard_list_frame.py" Result="PASS" TestCaseID="129" Title="[Feature] API POST provider bankCard list frame"><ExecutionTime>0.88 (sec)</ExecutionTime></TestCase><TestCase File="mc_Api_admin_provider_bankCard_list_frame_m.py" Result="PASS" TestCaseID="130" Title="[Feature] API POST provider bankCard list frame m"><ExecutionTime>0.71 (sec)</ExecutionTime></TestCase><TestCase File="md_Api_admin_provider_bankCard_edit_get.py" Result="PASS" TestCaseID="131" Title="[Feature] API POST provider bankCard edit get"><ExecutionTime>0.48 (sec)</ExecutionTime></TestCase><TestCase File="me_Api_admin_provider_bankCard_edit.py" Result="PASS" TestCaseID="132" Title="[Feature] API POST provider bankCard edit"><ExecutionTime>0.16 (sec)</ExecutionTime></TestCase><TestCase File="n0_waiting_backend_set_payment.py" Result="PASS" TestCaseID="133" Title="[Feature] Notify Backend Setting Payment"><ExecutionTime>0.65 (sec)</ExecutionTime></TestCase><TestCase File="na_Api_admin_provider_payment_list_frame.py" Result="PASS" TestCaseID="133" Title="[Feature] API POST provider payment list frame"><ExecutionTime>0.75 (sec)</ExecutionTime></TestCase><TestCase File="nb_Api_admin_provider_payment_list_frame_m.py" Result="PASS" TestCaseID="133" Title="[Feature] API POST provider payment list frame m"><ExecutionTime>0.76 (sec)</ExecutionTime></TestCase><TestCase File="nc_Api_admin_provider_payment_edit_info_get.py" Result="PASS" TestCaseID="135" Title="[Feature] API POST provider payment edit info get"><ExecutionTime>0.49 (sec)</ExecutionTime></TestCase><TestCase File="nd_Api_admin_provider_payment_edit_currency_get.py" Result="PASS" TestCaseID="136" Title="[Feature] API POST provider payment edit currency get"><ExecutionTime>0.42 (sec)</ExecutionTime></TestCase><TestCase File="ne_Api_admin_provider_payment_payType_edit.py" Result="PASS" TestCaseID="136" Title="[Feature] API POST provider payment payType edit"><ExecutionTime>0.66 (sec)</ExecutionTime></TestCase><TestCase File="nf_Api_admin_provider_payment_edit_payType_get.py" Result="PASS" TestCaseID="136" Title="[Feature] API POST provider payment edit PayType get"><ExecutionTime>0.49 (sec)</ExecutionTime></TestCase><TestCase File="ng_Api_admin_provider_payment_edit.py" Result="PASS" TestCaseID="139" Title="[Feature] API POST provider payment edit"><ExecutionTime>0.11 (sec)</ExecutionTime></TestCase><TestCase File="oa_Api_admin_provider_payOption_payment_get.py" Result="PASS" TestCaseID="152" Title="[Feature] API POST provider payOption payment get"><ExecutionTime>0.10 (sec)</ExecutionTime></TestCase><TestCase File="ob_Api_admin_provider_payOption_create_get.py" Result="PASS" TestCaseID="141" Title="[Feature] API POST provider payOption create get"><ExecutionTime>0.42 (sec)</ExecutionTime></TestCase><TestCase File="oc_Api_admin_provider_payOption_create.py" Result="FAIL" TestCaseID="142" Title="[Feature] API POST provider payOption create"><ExecutionTime>0.61 (sec)</ExecutionTime></TestCase><TestCase File="od_Api_admin_provider_payOption_list_frame.py" Result="FAIL" TestCaseID="143" Title="[Feature] API POST provider payOption list frame"><ExecutionTime>0.46 (sec)</ExecutionTime></TestCase><TestCase File="oe_Api_admin_provider_payOption_list_frame_m.py" Result="FAIL" TestCaseID="144" Title="[Feature] API POST provider payOption list frame m"><ExecutionTime>0.39 (sec)</ExecutionTime></TestCase><TestCase File="of_Api_admin_provider_payOption_edit_get_layer_frame.py" Result="FAIL" TestCaseID="150" Title="[Feature] API POST provider payOption edit get layer frame"><ExecutionTime>0.42 (sec)</ExecutionTime></TestCase><TestCase File="og_Api_admin_provider_payOption_edit_get_layer_frame_m.py" Result="FAIL" TestCaseID="151" Title="[Feature] API POST provider payOption edit get layer frame m"><ExecutionTime>0.38 (sec)</ExecutionTime></TestCase><TestCase File="oh_Api_admin_provider_payOption_edit_layer.py" Result="FAIL" TestCaseID="147" Title="[Feature] API POST provider payOption edit layer"><ExecutionTime>0.50 (sec)</ExecutionTime></TestCase><TestCase File="om_Api_admin_provider_payOption_edit_get_withdraw.py" Result="FAIL" TestCaseID="153" Title="[Feature] API POST provider payOption edit get withdraw"><ExecutionTime>0.93 (sec)</ExecutionTime></TestCase><TestCase File="on_Api_admin_provider_payOption_edit_get.py" Result="FAIL" TestCaseID="154" Title="[Feature] API POST provider payOption edit get"><ExecutionTime>0.41 (sec)</ExecutionTime></TestCase><TestCase File="oo_Api_admin_provider_payOption_edit.py" Result="FAIL" TestCaseID="155" Title="[Feature] API POST provider payOption edit"><ExecutionTime>0.52 (sec)</ExecutionTime></TestCase><TestCase File="op_Api_admin_provider_payOption_bank_info.py" Result="FAIL" TestCaseID="151" Title="[Feature] API POST provider payOption bank info"><ExecutionTime>0.41 (sec)</ExecutionTime></TestCase><TestCase File="oq_Api_admin_provider_payOption_bank_get.py" Result="FAIL" TestCaseID="151" Title="[Feature] API POST provider payOption bank get"><ExecutionTime>0.79 (sec)</ExecutionTime></TestCase><TestCase File="or_Api_admin_provider_payOption_bank_edit.py" Result="FAIL" TestCaseID="151" Title="[Feature] API POST provider payOption bank edit"><ExecutionTime>0.48 (sec)</ExecutionTime></TestCase><TestCase File="ra_Api_admin_org_dept_load_create.py" Result="PASS" TestCaseID="180" Title="[Feature] API POST org. dept. load create"><ExecutionTime>0.72 (sec)</ExecutionTime></TestCase><TestCase File="rb_Api_admin_org_dept_create.py" Result="PASS" TestCaseID="183" Title="[Feature] API POST org. dept. create"><ExecutionTime>0.12 (sec)</ExecutionTime></TestCase><TestCase File="rc_Api_admin_org_dept_list_frame.py" Result="PASS" TestCaseID="184" Title="[Feature] API POST org. dept. list frame"><ExecutionTime>0.58 (sec)</ExecutionTime></TestCase><TestCase File="rd_Api_admin_org_dept_list_frame_m.py" Result="PASS" TestCaseID="185" Title="[Feature] API POST org. dept. list frame m"><ExecutionTime>0.72 (sec)</ExecutionTime></TestCase><TestCase File="re_Api_admin_org_dept_load_edit.py" Result="PASS" TestCaseID="186" Title="[Feature] API POST org. dept. load edit"><ExecutionTime>0.66 (sec)</ExecutionTime></TestCase><TestCase File="rf_Api_admin_org_dept_edit.py" Result="PASS" TestCaseID="187" Title="[Feature] API POST org. dept. edit"><ExecutionTime>0.62 (sec)</ExecutionTime></TestCase><TestCase File="rg_Api_admin_org_dept_list.py" Result="PASS" TestCaseID="188" Title="[Feature] API POST org. dept. list"><ExecutionTime>0.29 (sec)</ExecutionTime></TestCase><TestCase File="sa_Api_admin_org_jobtitle_permission.py" Result="PASS" TestCaseID="189" Title="[Feature] API POST org. jobtitle permission"><ExecutionTime>0.42 (sec)</ExecutionTime></TestCase><TestCase File="sb_Api_admin_org_jobtitle_create.py" Result="PASS" TestCaseID="190" Title="[Feature] API POST org. jobtitle create"><ExecutionTime>0.64 (sec)</ExecutionTime></TestCase><TestCase File="sc_Api_admin_org_jobtitle_list_frame.py" Result="PASS" TestCaseID="191" Title="[Feature] API POST org. jobtitle list frame"><ExecutionTime>0.59 (sec)</ExecutionTime></TestCase><TestCase File="sd_Api_admin_org_jobtitle_list_frame_m.py" Result="PASS" TestCaseID="192" Title="[Feature] API POST org. jobtitle list frame m"><ExecutionTime>0.53 (sec)</ExecutionTime></TestCase><TestCase File="se_Api_admin_org_jobtitle_list.py" Result="PASS" TestCaseID="193" Title="[Feature] API POST org. jobtitle list"><ExecutionTime>0.46 (sec)</ExecutionTime></TestCase><TestCase File="sf_Api_admin_org_jobtitle_get.py" Result="PASS" TestCaseID="194" Title="[Feature] API POST org. jobtitle get"><ExecutionTime>0.36 (sec)</ExecutionTime></TestCase><TestCase File="sg_Api_admin_org_jobtitle_edit.py" Result="PASS" TestCaseID="195" Title="[Feature] API POST org. jobtitle edit"><ExecutionTime>0.72 (sec)</ExecutionTime></TestCase><TestCase File="ta_Api_admin_org_employee_create.py" Result="PASS" TestCaseID="196" Title="[Feature] API POST org. employee create"><ExecutionTime>0.88 (sec)</ExecutionTime></TestCase><TestCase File="tb_Api_admin_org_employee_list_frame.py" Result="PASS" TestCaseID="197" Title="[Feature] API POST org. employee list frame"><ExecutionTime>0.59 (sec)</ExecutionTime></TestCase><TestCase File="tc_Api_admin_org_employee_list_frame_m.py" Result="PASS" TestCaseID="198" Title="[Feature] API POST org. employee list frame m"><ExecutionTime>0.74 (sec)</ExecutionTime></TestCase><TestCase File="td_Api_admin_org_employee_list_single.py" Result="PASS" TestCaseID="199" Title="[Feature] API POST org. employee list single"><ExecutionTime>0.48 (sec)</ExecutionTime></TestCase><TestCase File="te_Api_admin_org_employee_list_all_frame.py" Result="PASS" TestCaseID="200" Title="[Feature] API POST org. employee list all frame"><ExecutionTime>0.41 (sec)</ExecutionTime></TestCase><TestCase File="tf_Api_admin_org_employee_list_all_frame_m.py" Result="PASS" TestCaseID="201" Title="[Feature] API POST org. employee list all frame m"><ExecutionTime>0.37 (sec)</ExecutionTime></TestCase><TestCase File="tg_Api_admin_org_employee_list_desc_frame.py" Result="PASS" TestCaseID="202" Title="[Feature] API POST org. employee list desc. frame"><ExecutionTime>0.83 (sec)</ExecutionTime></TestCase><TestCase File="th_Api_admin_org_employee_list_desc_frame_m.py" Result="PASS" TestCaseID="203" Title="[Feature] API POST org. employee list desc. frame m"><ExecutionTime>0.60 (sec)</ExecutionTime></TestCase><TestCase File="ti_Api_admin_org_employee_edit.py" Result="PASS" TestCaseID="204" Title="[Feature] API POST org. employee edit"><ExecutionTime>0.76 (sec)</ExecutionTime></TestCase><TestCase File="tj_Api_admin_org_employee_websitelist.py" Result="PASS" TestCaseID="205" Title="[Feature] API POST org. employee websitelist"><ExecutionTime>0.34 (sec)</ExecutionTime></TestCase><TestCase File="tk_Api_admin_org_employee_delete.py" Result="PASS" TestCaseID="206" Title="[Feature] API POST org. employee delete"><ExecutionTime>0.50 (sec)</ExecutionTime></TestCase><TestCase File="tl_Api_admin_org_jobtitle_delete.py" Result="PASS" TestCaseID="207" Title="[Feature] API POST org. jobtitle delete"><ExecutionTime>0.43 (sec)</ExecutionTime></TestCase><TestCase File="ua_Api_admin_provider_content_comm_list.py" Result="PASS" TestCaseID="173" Title="[Feature] API POST provider content comm list"><ExecutionTime>0.40 (sec)</ExecutionTime></TestCase><TestCase File="ub_Api_admin_provider_content_comm_game_list.py" Result="PASS" TestCaseID="173" Title="[Feature] API POST provider content comm game list"><ExecutionTime>0.55 (sec)</ExecutionTime></TestCase><TestCase File="uc_Api_admin_provider_content_sort_edit_games.py" Result="PASS" TestCaseID="173" Title="[Feature] API POST provider content sort edit games"><ExecutionTime>0.70 (sec)</ExecutionTime></TestCase><TestCase File="ud_Api_admin_provider_content_sort_list_games.py" Result="PASS" TestCaseID="173" Title="[Feature] API POST provider content sort list games"><ExecutionTime>0.27 (sec)</ExecutionTime></TestCase><TestCase File="ue_Api_admin_provider_content_sort_edit_providers.py" Result="PASS" TestCaseID="173" Title="[Feature] API POST provider content sort edit providers"><ExecutionTime>0.31 (sec)</ExecutionTime></TestCase><TestCase File="uf_Api_admin_provider_content_sort_list_providers.py" Result="PASS" TestCaseID="173" Title="[Feature] API POST provider content sort list providers"><ExecutionTime>0.23 (sec)</ExecutionTime></TestCase><TestCase File="z_Api_Logout.py" Result="PASS" TestCaseID="17" Title="[Portal] API POST logout current account"><ExecutionTime>0.26 (sec)</ExecutionTime></TestCase></TestFeature></TestResults></TestRunning>