<?xml version='1.0' encoding='utf-8'?>
<TestRunning><Info><TestEnvironment>test</TestEnvironment><ExecutionDate>2019-04-17 18:40:24</ExecutionDate><TestRunDuration EndTime="2019-04-17 18:44:46" StartTime="2019-04-17 18:40:24">0:04:22 (h:m:s)</TestRunDuration><ExecutionCaseCount AllCase="74"><CountPASS>67</CountPASS><CountFAIL>7</CountFAIL></ExecutionCaseCount><TestRail>https://o2ogt.testrail.io/index.php?/runs/view/86</TestRail></Info><TestResults><TestFeature Folder="Admin_Api"><TestCase File="a_Api_Login.py" Result="FAIL" TestCaseID="16" Title="[Portal] API POST login exist account"><ExecutionTime>0:00:08 (h:m:s)</ExecutionTime></TestCase><TestCase File="b_Api_admin_profile.py" Result="PASS" TestCaseID="15" Title="[Portal] API POST user profile"><ExecutionTime>0.49 (sec)</ExecutionTime></TestCase><TestCase File="ca_Api_admin_partner_list_frame.py" Result="PASS" TestCaseID="62" Title="[Portal] API POST partner list frame"><ExecutionTime>0.72 (sec)</ExecutionTime></TestCase><TestCase File="cb_Api_admin_web_domain_create.py" Result="PASS" TestCaseID="63" Title="[Feature] API POST web domain create"><ExecutionTime>0.47 (sec)</ExecutionTime></TestCase><TestCase File="cc_Api_admin_web_domain_list_frame.py" Result="PASS" TestCaseID="64" Title="[Feature] API POST web domain list frame"><ExecutionTime>0.66 (sec)</ExecutionTime></TestCase><TestCase File="cd_Api_admin_web_domain_list_frame_m.py" Result="PASS" TestCaseID="68" Title="[Feature] API POST web domain list frame m"><ExecutionTime>0.50 (sec)</ExecutionTime></TestCase><TestCase File="ce_Api_admin_web_domain_create_get.py" Result="PASS" TestCaseID="65" Title="[Feature] API POST web domain create get"><ExecutionTime>0.52 (sec)</ExecutionTime></TestCase><TestCase File="cf_Api_admin_web_domain_edit.py" Result="PASS" TestCaseID="66" Title="[Feature] API POST web domain edit"><ExecutionTime>0.96 (sec)</ExecutionTime></TestCase><TestCase File="cg_Api_admin_web_domain_edit_get.py" Result="PASS" TestCaseID="67" Title="[Feature] API POST web domain edit get"><ExecutionTime>0.92 (sec)</ExecutionTime></TestCase><TestCase File="da_Api_admin_webPlayer_web_create.py" Result="PASS" TestCaseID="70" Title="[Feature] API POST admin webPlayer web create"><ExecutionTime>0.74 (sec)</ExecutionTime></TestCase><TestCase File="db_Api_admin_webPlayer_web_create_get_frame.py" Result="PASS" TestCaseID="71" Title="[Feature] API POST admin webPlayer web create get frame"><ExecutionTime>0:00:01 (h:m:s)</ExecutionTime></TestCase><TestCase File="dc_Api_admin_webPlayer_web_create_get_frame_m.py" Result="PASS" TestCaseID="75" Title="[Feature] API POST admin webPlayer web create get frame m"><ExecutionTime>0.61 (sec)</ExecutionTime></TestCase><TestCase File="dd_Api_admin_webPlayer_web_list_frame.py" Result="PASS" TestCaseID="72" Title="[Feature] API POST webPlayer web list frame"><ExecutionTime>0.68 (sec)</ExecutionTime></TestCase><TestCase File="de_Api_admin_webPlayer_web_list_frame_m.py" Result="PASS" TestCaseID="116" Title="[Feature] API POST webPlayer web list frame m"><ExecutionTime>0.62 (sec)</ExecutionTime></TestCase><TestCase File="df_Api_admin_webPlayer_web_edit_get_frame.py" Result="PASS" TestCaseID="73" Title="[Feature] API POST webPlayer web edit get frame"><ExecutionTime>0.64 (sec)</ExecutionTime></TestCase><TestCase File="dg_Api_admin_webPlayer_web_edit_get_frame_m.py" Result="PASS" TestCaseID="76" Title="[Feature] API POST webPlayer web edit get frame m"><ExecutionTime>0.60 (sec)</ExecutionTime></TestCase><TestCase File="dh_Api_admin_webPlayer_web_edit.py" Result="PASS" TestCaseID="74" Title="[Feature] API POST admin webPlayer web edit"><ExecutionTime>0.66 (sec)</ExecutionTime></TestCase><TestCase File="fa_Api_admin_webPlayer_vip_create_get.py" Result="PASS" TestCaseID="81" Title="[Feature] API POST webPlayer vip create get"><ExecutionTime>0.45 (sec)</ExecutionTime></TestCase><TestCase File="fb_Api_admin_webPlayer_vip_create.py" Result="PASS" TestCaseID="82" Title="[Feature] API POST webPlayer vip create"><ExecutionTime>0.60 (sec)</ExecutionTime></TestCase><TestCase File="fc_Api_admin_webPlayer_vip_list_frame.py" Result="PASS" TestCaseID="83" Title="[Feature] API POST webPlayer vip list frame"><ExecutionTime>0.53 (sec)</ExecutionTime></TestCase><TestCase File="fd_Api_admin_webPlayer_vip_list_frame_m.py" Result="PASS" TestCaseID="84" Title="[Feature] API POST webPlayer vip list frame m"><ExecutionTime>0.52 (sec)</ExecutionTime></TestCase><TestCase File="fe_Api_admin_webPlayer_vip_edit_get.py" Result="PASS" TestCaseID="85" Title="[Feature] API POST webPlayer vip edit get"><ExecutionTime>0.44 (sec)</ExecutionTime></TestCase><TestCase File="ff_Api_admin_webPlayer_vip_edit.py" Result="PASS" TestCaseID="86" Title="[Feature] API POST webPlayer vip edit"><ExecutionTime>0.48 (sec)</ExecutionTime></TestCase><TestCase File="ga_Api_admin_webPlayer_vip_group_create_get_frame.py" Result="PASS" TestCaseID="88" Title="[Feature] API POST webPlayer vip group create get frame"><ExecutionTime>0.51 (sec)</ExecutionTime></TestCase><TestCase File="gb_Api_admin_webPlayer_vip_group_create_get_frame_m.py" Result="PASS" TestCaseID="89" Title="[Feature] API POST webPlayer vip group create get frame m"><ExecutionTime>0.45 (sec)</ExecutionTime></TestCase><TestCase File="gc_Api_admin_webPlayer_vip_group_create.py" Result="PASS" TestCaseID="92" Title="[Feature] API POST webPlayer vip group create"><ExecutionTime>0.54 (sec)</ExecutionTime></TestCase><TestCase File="gd_Api_admin_webPlayer_vip_group_list_frame.py" Result="PASS" TestCaseID="90" Title="[Feature] API POST webPlayer vip group list frame"><ExecutionTime>0.46 (sec)</ExecutionTime></TestCase><TestCase File="ge_Api_admin_webPlayer_vip_group_list_frame_m.py" Result="PASS" TestCaseID="91" Title="[Feature] API POST webPlayer vip group list frame m"><ExecutionTime>0.53 (sec)</ExecutionTime></TestCase><TestCase File="gf_Api_admin_webPlayer_vip_group_edit_get_frame.py" Result="PASS" TestCaseID="93" Title="[Feature] API POST webPlayer vip group edit get frame"><ExecutionTime>0.23 (sec)</ExecutionTime></TestCase><TestCase File="gg_Api_admin_webPlayer_vip_group_edit_get_frame_m.py" Result="PASS" TestCaseID="94" Title="[Feature] API POST webPlayer vip group edit get frame m"><ExecutionTime>0.58 (sec)</ExecutionTime></TestCase><TestCase File="gh_Api_admin_webPlayer_vip_group_edit.py" Result="PASS" TestCaseID="95" Title="[Feature] API POST webPlayer vip group edit"><ExecutionTime>0.66 (sec)</ExecutionTime></TestCase><TestCase File="ha_Api_admin_webPlayer_web_vip_domain_edit.py" Result="PASS" TestCaseID="99" Title="[Feature] API POST webPlayer web vip domain edit"><ExecutionTime>0.60 (sec)</ExecutionTime></TestCase><TestCase File="hb_Api_admin_webPlayer_web_vip_domain_list.py" Result="PASS" TestCaseID="96" Title="[Feature] API POST webPlayer web vip domain list"><ExecutionTime>0.57 (sec)</ExecutionTime></TestCase><TestCase File="hc_Api_admin_webPlayer_web_vip_group_edit_frame.py" Result="PASS" TestCaseID="99" Title="[Feature] API POST webPlayer web vip group edit frame"><ExecutionTime>0.76 (sec)</ExecutionTime></TestCase><TestCase File="hd_Api_admin_webPlayer_web_vip_group_edit_frame_m.py" Result="PASS" TestCaseID="100" Title="[Feature] API POST webPlayer web vip group edit frame m"><ExecutionTime>0.77 (sec)</ExecutionTime></TestCase><TestCase File="he_Api_admin_webPlayer_web_vip_list_frame.py" Result="PASS" TestCaseID="97" Title="[Feature] API POST webPlayer web vip list frame"><ExecutionTime>0.57 (sec)</ExecutionTime></TestCase><TestCase File="hf_Api_admin_webPlayer_web_vip_list_frame_m.py" Result="PASS" TestCaseID="98" Title="[Feature] API POST webPlayer web vip list frame m"><ExecutionTime>0.66 (sec)</ExecutionTime></TestCase><TestCase File="hg_Api_admin_webPlayer_web_vip_domain_get.py" Result="PASS" TestCaseID="101" Title="[Feature] API POST webPlayer web vip domain get"><ExecutionTime>0.53 (sec)</ExecutionTime></TestCase><TestCase File="ja_Api_admin_webPlayer_promo_create.py" Result="PASS" TestCaseID="105" Title="[Feature] API POST webPlayer promo create"><ExecutionTime>0.64 (sec)</ExecutionTime></TestCase><TestCase File="jb_Api_admin_webPlayer_promo_list_frame.py" Result="PASS" TestCaseID="106" Title="[Feature] API POST webPlayer promo list frame"><ExecutionTime>0.47 (sec)</ExecutionTime></TestCase><TestCase File="jc_Api_admin_webPlayer_promo_list_frame_m.py" Result="PASS" TestCaseID="107" Title="[Feature] API POST webPlayer promo list frame m"><ExecutionTime>0.53 (sec)</ExecutionTime></TestCase><TestCase File="jd_Api_admin_webPlayer_promo_providerContent_list.py" Result="PASS" TestCaseID="108" Title="[Feature] API POST webPlayer promo providerContent list"><ExecutionTime>0:00:01 (h:m:s)</ExecutionTime></TestCase><TestCase File="je_Api_admin_webPlayer_promo_edit_get.py" Result="PASS" TestCaseID="109" Title="[Feature] API POST webPlayer promo edit get"><ExecutionTime>0.56 (sec)</ExecutionTime></TestCase><TestCase File="jf_Api_admin_webPlayer_promo_state_edit.py" Result="PASS" TestCaseID="110" Title="[Feature] API POST webPlayer promo state edit"><ExecutionTime>0.83 (sec)</ExecutionTime></TestCase><TestCase File="jg_Api_admin_webPlayer_promo_web_frame.py" Result="PASS" TestCaseID="111" Title="[Feature] API POST webPlayer promo web frame"><ExecutionTime>0.89 (sec)</ExecutionTime></TestCase><TestCase File="jh_Api_admin_webPlayer_promo_web_frame_m.py" Result="PASS" TestCaseID="112" Title="[Feature] API POST webPlayer promo web frame m"><ExecutionTime>0.56 (sec)</ExecutionTime></TestCase><TestCase File="ji_Api_admin_webPlayer_promo_cnr_frame.py" Result="FAIL" TestCaseID="113" Title="[Feature] API POST webPlayer promo cnr frame"><ExecutionTime>0:00:01 (h:m:s)</ExecutionTime></TestCase><TestCase File="jj_Api_admin_webPlayer_promo_cnr_frame_m.py" Result="FAIL" TestCaseID="114" Title="[Feature] API POST webPlayer promo cnr frame m"><ExecutionTime>0.72 (sec)</ExecutionTime></TestCase><TestCase File="jk_Api_admin_webPlayer_promo_edit.py" Result="FAIL" TestCaseID="115" Title="[Feature] API POST webPlayer promo edit"><ExecutionTime>0.10 (sec)</ExecutionTime></TestCase><TestCase File="jl_Api_admin_webPlayer_promo_delete.py" Result="PASS" TestCaseID="117" Title="[Feature] API POST webPlayer promo delete"><ExecutionTime>0:00:01 (h:m:s)</ExecutionTime></TestCase><TestCase File="ka_Api_admin_webPlayer_risk_create.py" Result="PASS" TestCaseID="118" Title="[Feature] API POST webPlayer risk create"><ExecutionTime>0.46 (sec)</ExecutionTime></TestCase><TestCase File="kb_Api_admin_webPlayer_risk_list_frame.py" Result="PASS" TestCaseID="119" Title="[Feature] API POST webPlayer risk list frame"><ExecutionTime>0.58 (sec)</ExecutionTime></TestCase><TestCase File="kc_Api_admin_webPlayer_risk_list_frame_m.py" Result="PASS" TestCaseID="120" Title="[Feature] API POST webPlayer risk list frame m"><ExecutionTime>0.64 (sec)</ExecutionTime></TestCase><TestCase File="kd_Api_admin_webPlayer_risk_rule_frame.py" Result="PASS" TestCaseID="121" Title="[Feature] API POST webPlayer risk rule frame"><ExecutionTime>0.70 (sec)</ExecutionTime></TestCase><TestCase File="ke_Api_admin_webPlayer_risk_rule_frame_m.py" Result="PASS" TestCaseID="122" Title="[Feature] API POST webPlayer risk rule frame m"><ExecutionTime>0.67 (sec)</ExecutionTime></TestCase><TestCase File="kf_Api_admin_webPlayer_risk_edit.py" Result="PASS" TestCaseID="123" Title="[Feature] API POST webPlayer risk edit"><ExecutionTime>0.50 (sec)</ExecutionTime></TestCase><TestCase File="kg_Api_admin_webPlayer_risk_web_frame_X.py" Result="FAIL" TestCaseID="124" Title="[Feature] API POST webPlayer risk web frame"><ExecutionTime>0.72 (sec)</ExecutionTime></TestCase><TestCase File="kh_Api_admin_webPlayer_risk_web_frame_m_X.py" Result="FAIL" TestCaseID="125" Title="[Feature] API POST webPlayer risk web frame m"><ExecutionTime>0.58 (sec)</ExecutionTime></TestCase><TestCase File="ki_Api_admin_webPlayer_risk_edit_get.py" Result="PASS" TestCaseID="126" Title="[Feature] API POST webPlayer risk edit get"><ExecutionTime>0.48 (sec)</ExecutionTime></TestCase><TestCase File="kj_Api_admin_webPlayer_risk_state_edit_delete.py" Result="PASS" TestCaseID="127" Title="[Feature] API POST webPlayer risk state edit delete"><ExecutionTime>0.59 (sec)</ExecutionTime></TestCase><TestCase File="la_Api_admin_provider_bankCard_create.py" Result="PASS" TestCaseID="128" Title="[Feature] API POST provider bankCard create"><ExecutionTime>0.46 (sec)</ExecutionTime></TestCase><TestCase File="lb_Api_admin_provider_bankCard_list_frame.py" Result="PASS" TestCaseID="129" Title="[Feature] API POST provider bankCard list frame"><ExecutionTime>0.66 (sec)</ExecutionTime></TestCase><TestCase File="lc_Api_admin_provider_bankCard_list_frame_m.py" Result="PASS" TestCaseID="130" Title="[Feature] API POST provider bankCard list frame m"><ExecutionTime>0.54 (sec)</ExecutionTime></TestCase><TestCase File="ld_Api_admin_provider_bankCard_edit_get.py" Result="PASS" TestCaseID="131" Title="[Feature] API POST provider bankCard edit get"><ExecutionTime>0.49 (sec)</ExecutionTime></TestCase><TestCase File="le_Api_admin_provider_bankCard_edit.py" Result="PASS" TestCaseID="132" Title="[Feature] API POST provider bankCard edit"><ExecutionTime>0.63 (sec)</ExecutionTime></TestCase><TestCase File="ma_Api_admin_provider_payment_list_frame.py" Result="PASS" TestCaseID="133" Title="[Feature] API POST provider payment list frame"><ExecutionTime>0.53 (sec)</ExecutionTime></TestCase><TestCase File="mb_Api_admin_provider_payment_list_frame_m.py" Result="PASS" TestCaseID="134" Title="[Feature] API POST provider payment list frame m"><ExecutionTime>0.48 (sec)</ExecutionTime></TestCase><TestCase File="mc_Api_admin_provider_payment_edit_info_get.py" Result="PASS" TestCaseID="135" Title="[Feature] API POST provider payment edit info get"><ExecutionTime>0.51 (sec)</ExecutionTime></TestCase><TestCase File="md_Api_admin_provider_payment_edit_currency_get.py" Result="PASS" TestCaseID="136" Title="[Feature] API POST provider payment edit currency get"><ExecutionTime>0.45 (sec)</ExecutionTime></TestCase><TestCase File="me_Api_admin_provider_payment_bank_info.py" Result="PASS" TestCaseID="137" Title="[Feature] API POST provider payment bank info"><ExecutionTime>0.44 (sec)</ExecutionTime></TestCase><TestCase File="mf_Api_admin_provider_payment_bank_get.py" Result="PASS" TestCaseID="138" Title="[Feature] API POST provider payment bank get"><ExecutionTime>0:00:01 (h:m:s)</ExecutionTime></TestCase><TestCase File="mg_Api_admin_provider_payment_edit.py" Result="PASS" TestCaseID="139" Title="[Feature] API POST provider payment edit"><ExecutionTime>0:00:01 (h:m:s)</ExecutionTime></TestCase><TestCase File="mh_Api_admin_provider_payment_bank_link_edit.py" Result="FAIL" TestCaseID="140" Title="[Feature] API POST provider payment bank link edit"><ExecutionTime>0:00:01 (h:m:s)</ExecutionTime></TestCase><TestCase File="z_Api_Logout.py" Result="PASS" TestCaseID="17" Title="[Portal] API POST logout current account"><ExecutionTime>0.39 (sec)</ExecutionTime></TestCase></TestFeature></TestResults></TestRunning>