<?xml version='1.0' encoding='utf-8'?>
<TestRunning><Info><TestEnvironment>test</TestEnvironment><ExecutionDate>2019-03-29 10:01:14</ExecutionDate><TestRunDuration EndTime="2019-03-29 10:03:36" StartTime="2019-03-29 10:01:14">0:02:22 (h:m:s)</TestRunDuration><ExecutionCaseCount AllCase="4"><CountPASS>4</CountPASS><CountFAIL>0</CountFAIL></ExecutionCaseCount><TestRail>https://o2ogt.testrail.io/index.php?/runs/view/69</TestRail></Info><TestResults><TestFeature Folder="Admin_UI"><TestCase File="UI_Client.py" Result="PASS" TestCaseID="150611" Title="[UI] admin UI client"><ExecutionTime>0:00:23 (h:m:s)</ExecutionTime></TestCase><TestCase File="UI_Provider.py" Result="PASS" TestCaseID="150611" Title="[UI] admin UI provider"><ExecutionTime>0:00:19 (h:m:s)</ExecutionTime></TestCase><TestCase File="UI_Sample.py" Result="PASS" TestCaseID="150611" Title="[UI] admin navicon redirect"><ExecutionTime>0:00:46 (h:m:s)</ExecutionTime></TestCase><TestCase File="UI_Web.py" Result="PASS" TestCaseID="150611" Title="[UI] admin UI web"><ExecutionTime>0:00:37 (h:m:s)</ExecutionTime></TestCase></TestFeature></TestResults></TestRunning>